\BOOKMARK [0][]{chapter.1}{\376\377\0001\000\040\133\374\212\000}{}% 1
\BOOKMARK [1][]{section.1.1}{\376\377\0001\000.\0001\000\040\221\317\133\120\122\233\133\146\116\055\166\204\147\054\137\201\120\074\225\356\230\230}{chapter.1}% 2
\BOOKMARK [1][]{section.1.2}{\376\377\0001\000.\0002\000\040\176\317\121\170\122\233\133\146\166\204\147\054\137\201\120\074\225\356\230\230}{chapter.1}% 3
\BOOKMARK [1][]{section.1.3}{\376\377\0001\000.\0003\000\040\147\054\116\146\155\211\123\312\166\204\203\003\126\364}{chapter.1}% 4
\BOOKMARK [1][]{section*.6}{\376\377\176\303\116\140}{chapter.1}% 5
\BOOKMARK [0][]{chapter.2}{\376\377\0002\000\040\153\143\116\244\121\375\145\160}{}% 6
\BOOKMARK [1][]{section.2.1}{\376\377\0002\000.\0001\000\040\127\372\147\054\151\202\137\365\000:\153\143\116\244\140\047\124\214\137\122\116\000\140\047}{chapter.2}% 7
\BOOKMARK [1][]{section.2.2}{\376\377\0002\000.\0002\000\040\165\050\153\143\116\244\137\122\116\000\121\375\145\160\176\304\134\125\137\000}{chapter.2}% 8
\BOOKMARK [1][]{section.2.3}{\376\377\0002\000.\0003\000\040\133\314\221\314\123\366\000\050\000F\000o\000u\000r\000i\000e\000r\000\051\176\247\145\160}{chapter.2}% 9
\BOOKMARK [1][]{section.2.4}{\376\377\0002\000.\0004\000\040\147\204\220\040\153\143\116\244\137\122\116\000\121\375\145\160}{chapter.2}% 10
\BOOKMARK [1][]{section.2.5}{\376\377\0002\000.\0005\000\040\122\322\213\251\137\267\131\032\230\171\137\017\124\214\121\166\133\203\162\171\153\212\121\375\145\160}{chapter.2}% 11
\BOOKMARK [1][]{section*.13}{\376\377\176\303\116\140}{chapter.2}% 12
\BOOKMARK [0][]{chapter.3}{\376\377\0003\000\040\176\277\140\047\116\343\145\160}{}% 13
\BOOKMARK [1][]{section.3.1}{\376\377\0003\000.\0001\000\040\176\352\212\000}{chapter.3}% 14
\BOOKMARK [1][]{section.3.2}{\376\377\0003\000.\0002\000\040\167\351\226\065\060\001\210\114\122\027\137\017\124\214\176\277\140\047\145\271\172\013\176\304}{chapter.3}% 15
\BOOKMARK [1][]{section.3.3}{\376\377\0003\000.\0003\000\040\176\277\140\047\123\330\143\142}{chapter.3}% 16
\BOOKMARK [1][]{section.3.4}{\376\377\0003\000.\0004\000\040\176\277\140\047\173\227\173\046}{chapter.3}% 17
\BOOKMARK [1][]{section*.18}{\376\377\176\303\116\140}{chapter.3}% 18
\BOOKMARK [0][]{chapter.4}{\376\377\0004\000\040\176\317\121\170\122\233\133\146}{}% 19
\BOOKMARK [1][]{section.4.1}{\376\377\0004\000.\0001\000\040\133\374\212\000\124\214\133\210\140\122\133\232\137\213}{chapter.4}% 20
\BOOKMARK [1][]{section.4.2}{\376\377\0004\000.\0002\000\040\136\177\116\111\127\120\150\007\124\214\142\311\150\074\147\027\145\345\145\271\172\013\000;\124\310\133\306\230\177\145\271\172\013}{chapter.4}% 21
\BOOKMARK [1][]{section.4.3}{\376\377\0004\000.\0003\000\040\122\233\133\146\117\123\174\373\166\204\143\057\122\250}{chapter.4}% 22
\BOOKMARK [1][]{section.4.4}{\376\377\0004\000.\0004\000\040\122\032\140\047\122\233\133\146\117\123\174\373\166\204\217\154\122\250}{chapter.4}% 23
\BOOKMARK [1][]{section*.23}{\376\377\176\303\116\140}{chapter.4}% 24
\BOOKMARK [0][]{chapter.5}{\376\377\0005\000\040\140\073\176\323}{}% 25
\BOOKMARK [1][]{section.5.1}{\376\377\0005\000.\0001\000\040\176\317\121\170\122\233\133\146\124\214\221\317\133\120\122\233\133\146\116\113\225\364\166\204\150\145}{chapter.5}% 26
\BOOKMARK [1][]{section.5.2}{\376\377\0005\000.\0002\000\040\167\351\226\065\122\233\133\146\124\214\154\342\122\250\122\233\133\146\166\204\176\374\124\010}{chapter.5}% 27
\BOOKMARK [1][]{section*.24}{\376\377\176\303\116\140}{chapter.5}% 28
