This is XeTeX, Version 3.141592653-2.6-0.999993 (TeX Live 2021/W32TeX) (preloaded format=xelatex 2021.4.21)  18 APR 2023 15:05
entering extended mode
 \write18 enabled.
 file:line:error style messages enabled.
 %&-line parsing enabled.
**《量子化学中的数学》2.0
(./《量子化学中的数学》2.0.tex
LaTeX2e <2020-10-01> patch level 4
L3 programming layer <2021-02-18> (./elegantbook.cls
Document Class: elegantbook 2022/04/09 v4.3 ElegantBook document class
(e:/study/math softwaves/tex/texlive/2021/texmf-dist/tex/latex/kvoptions/kvoptions.sty
Package: kvoptions 2020-10-07 v3.14 Key value format for package options (HO)
 (e:/study/math softwaves/tex/texlive/2021/texmf-dist/tex/latex/graphics/keyval.sty
Package: keyval 2014/10/28 v1.15 key=value parser (DPC)
\KV@toks@=\toks15
) (e:/study/math softwaves/tex/texlive/2021/texmf-dist/tex/generic/ltxcmds/ltxcmds.sty
Package: ltxcmds 2020-05-10 v1.25 LaTeX kernel commands for general use (HO)
) (e:/study/math softwaves/tex/texlive/2021/texmf-dist/tex/generic/kvsetkeys/kvsetkeys.sty
Package: kvsetkeys 2019/12/15 v1.18 Key value parser (HO)
)) (e:/study/math softwaves/tex/texlive/2021/texmf-dist/tex/latex/etoolbox/etoolbox.sty
Package: etoolbox 2020/10/05 v2.5k e-TeX tools for LaTeX (JAW)
\etb@tempcnta=\count175
) (e:/study/math softwaves/tex/texlive/2021/texmf-dist/tex/latex/base/book.cls
Document Class: book 2020/04/10 v1.4m Standard LaTeX document class
(e:/study/math softwaves/tex/texlive/2021/texmf-dist/tex/latex/base/bk10.clo
File: bk10.clo 2020/04/10 v1.4m Standard LaTeX file (size option)
)
\c@part=\count176
\c@chapter=\count177
\c@section=\count178
\c@subsection=\count179
\c@subsubsection=\count180
\c@paragraph=\count181
\c@subparagraph=\count182
\c@figure=\count183
\c@table=\count184
\abovecaptionskip=\skip47
\belowcaptionskip=\skip48
\bibindent=\dimen138
) (e:/study/math softwaves/tex/texlive/2021/texmf-dist/tex/latex/setspace/setspace.sty
Package: setspace 2011/12/19 v6.7a set line spacing
) (e:/study/math softwaves/tex/texlive/2021/texmf-dist/tex/latex/csquotes/csquotes.sty
Package: csquotes 2021-02-22 v5.2l context-sensitive quotations (JAW)
\csq@reset=\count185
\csq@gtype=\count186
\csq@glevel=\count187
\csq@qlevel=\count188
\csq@maxlvl=\count189
\csq@tshold=\count190
\csq@ltx@everypar=\toks16
 (e:/study/math softwaves/tex/texlive/2021/texmf-dist/tex/latex/csquotes/csquotes.def
File: csquotes.def 2021-02-22 v5.2l csquotes generic definitions (JAW)
)
Package csquotes Info: Trying to load configuration file 'csquotes.cfg'...
Package csquotes Info: ... configuration file loaded successfully.
 (e:/study/math softwaves/tex/texlive/2021/texmf-dist/tex/latex/csquotes/csquotes.cfg
File: csquotes.cfg 
)) (e:/study/math softwaves/tex/texlive/2021/texmf-dist/tex/latex/hyperref/hyperref.sty
Package: hyperref 2021-02-27 v7.00k Hypertext links for LaTeX
 (e:/study/math softwaves/tex/texlive/2021/texmf-dist/tex/generic/iftex/iftex.sty
Package: iftex 2020/03/06 v1.0d TeX engine tests
) (e:/study/math softwaves/tex/texlive/2021/texmf-dist/tex/generic/pdftexcmds/pdftexcmds.sty
Package: pdftexcmds 2020-06-27 v0.33 Utility functions of pdfTeX for LuaTeX (HO)
 (e:/study/math softwaves/tex/texlive/2021/texmf-dist/tex/generic/infwarerr/infwarerr.sty
Package: infwarerr 2019/12/03 v1.5 Providing info/warning/error messages (HO)
)
Package pdftexcmds Info: \pdf@primitive is available.
Package pdftexcmds Info: \pdf@ifprimitive is available.
Package pdftexcmds Info: \pdfdraftmode not found.
) (e:/study/math softwaves/tex/texlive/2021/texmf-dist/tex/generic/kvdefinekeys/kvdefinekeys.sty
Package: kvdefinekeys 2019-12-19 v1.6 Define keys (HO)
) (e:/study/math softwaves/tex/texlive/2021/texmf-dist/tex/generic/pdfescape/pdfescape.sty
Package: pdfescape 2019/12/09 v1.15 Implements pdfTeX's escape features (HO)
) (e:/study/math softwaves/tex/texlive/2021/texmf-dist/tex/latex/hycolor/hycolor.sty
Package: hycolor 2020-01-27 v1.10 Color options for hyperref/bookmark (HO)
) (e:/study/math softwaves/tex/texlive/2021/texmf-dist/tex/latex/letltxmacro/letltxmacro.sty
Package: letltxmacro 2019/12/03 v1.6 Let assignment for LaTeX macros (HO)
) (e:/study/math softwaves/tex/texlive/2021/texmf-dist/tex/latex/auxhook/auxhook.sty
Package: auxhook 2019-12-17 v1.6 Hooks for auxiliary files (HO)
)
\@linkdim=\dimen139
\Hy@linkcounter=\count191
\Hy@pagecounter=\count192
 (e:/study/math softwaves/tex/texlive/2021/texmf-dist/tex/latex/hyperref/pd1enc.def
File: pd1enc.def 2021-02-27 v7.00k Hyperref: PDFDocEncoding definition (HO)
) (e:/study/math softwaves/tex/texlive/2021/texmf-dist/tex/latex/hyperref/hyperref-langpatches.def
File: hyperref-langpatches.def 2021-02-27 v7.00k Hyperref: patches for babel languages
) (e:/study/math softwaves/tex/texlive/2021/texmf-dist/tex/generic/intcalc/intcalc.sty
Package: intcalc 2019/12/15 v1.3 Expandable calculations with integers (HO)
) (e:/study/math softwaves/tex/texlive/2021/texmf-dist/tex/generic/etexcmds/etexcmds.sty
Package: etexcmds 2019/12/15 v1.7 Avoid name clashes with e-TeX commands (HO)
)
\Hy@SavedSpaceFactor=\count193
 (e:/study/math softwaves/tex/texlive/2021/texmf-dist/tex/latex/hyperref/puenc.def
File: puenc.def 2021-02-27 v7.00k Hyperref: PDF Unicode definition (HO)
)
Package hyperref Info: Hyper figures OFF on input line 4192.
Package hyperref Info: Link nesting OFF on input line 4197.
Package hyperref Info: Hyper index ON on input line 4200.
Package hyperref Info: Plain pages OFF on input line 4207.
Package hyperref Info: Backreferencing OFF on input line 4212.
Package hyperref Info: Implicit mode ON; LaTeX internals redefined.
Package hyperref Info: Bookmarks ON on input line 4445.
\c@Hy@tempcnt=\count194
 (e:/study/math softwaves/tex/texlive/2021/texmf-dist/tex/latex/url/url.sty
\Urlmuskip=\muskip16
Package: url 2013/09/16  ver 3.4  Verb mode for urls, etc.
)
LaTeX Info: Redefining \url on input line 4804.
\XeTeXLinkMargin=\dimen140
 (e:/study/math softwaves/tex/texlive/2021/texmf-dist/tex/generic/bitset/bitset.sty
Package: bitset 2019/12/09 v1.3 Handle bit-vector datatype (HO)
 (e:/study/math softwaves/tex/texlive/2021/texmf-dist/tex/generic/bigintcalc/bigintcalc.sty
Package: bigintcalc 2019/12/15 v1.5 Expandable calculations on big integers (HO)
))
\Fld@menulength=\count195
\Field@Width=\dimen141
\Fld@charsize=\dimen142
Package hyperref Info: Hyper figures OFF on input line 6075.
Package hyperref Info: Link nesting OFF on input line 6080.
Package hyperref Info: Hyper index ON on input line 6083.
Package hyperref Info: backreferencing OFF on input line 6090.
Package hyperref Info: Link coloring OFF on input line 6095.
Package hyperref Info: Link coloring with OCG OFF on input line 6100.
Package hyperref Info: PDF/A mode OFF on input line 6105.
LaTeX Info: Redefining \ref on input line 6145.
LaTeX Info: Redefining \pageref on input line 6149.
 (e:/study/math softwaves/tex/texlive/2021/texmf-dist/tex/latex/base/atbegshi-ltx.sty
Package: atbegshi-ltx 2020/08/17 v1.0a Emulation of the original atbegshi package
with kernel methods
)
\Hy@abspage=\count196
\c@Item=\count197
\c@Hfootnote=\count198
)
Package hyperref Info: Driver (autodetected): hxetex.
 (e:/study/math softwaves/tex/texlive/2021/texmf-dist/tex/latex/hyperref/hxetex.def
File: hxetex.def 2021-02-27 v7.00k Hyperref driver for XeTeX
 (e:/study/math softwaves/tex/texlive/2021/texmf-dist/tex/generic/stringenc/stringenc.sty
Package: stringenc 2019/11/29 v1.12 Convert strings between diff. encodings (HO)
)
\pdfm@box=\box47
\c@Hy@AnnotLevel=\count199
\HyField@AnnotCount=\count266
\Fld@listcount=\count267
\c@bookmark@seq@number=\count268
 (e:/study/math softwaves/tex/texlive/2021/texmf-dist/tex/latex/rerunfilecheck/rerunfilecheck.sty
Package: rerunfilecheck 2019/12/05 v1.9 Rerun checks for auxiliary files (HO)
 (e:/study/math softwaves/tex/texlive/2021/texmf-dist/tex/latex/base/atveryend-ltx.sty
Package: atveryend-ltx 2020/08/19 v1.0a Emulation of the original atvery package
with kernel methods
) (e:/study/math softwaves/tex/texlive/2021/texmf-dist/tex/generic/uniquecounter/uniquecounter.sty
Package: uniquecounter 2019/12/15 v1.4 Provide unlimited unique counter (HO)
)
Package uniquecounter Info: New unique counter `rerunfilecheck' on input line 286.
)
\Hy@SectionHShift=\skip49
)
Package hyperref Info: Option `breaklinks' set `true' on input line 125.
Package hyperref Info: Option `unicode' set `true' on input line 125.
Package hyperref Info: Option `bookmarksnumbered' set `true' on input line 125.
Package hyperref Info: Option `bookmarksopen' set `true' on input line 125.
Package hyperref Info: Option `colorlinks' set `true' on input line 125.
Package hyperref Info: Option `plainpages' set `false' on input line 125.
Package hyperref Info: Option `linktocpage' set `true' on input line 125.
 (e:/study/math softwaves/tex/texlive/2021/texmf-dist/tex/latex/geometry/geometry.sty
Package: geometry 2020/01/02 v5.9 Page Geometry
 (e:/study/math softwaves/tex/texlive/2021/texmf-dist/tex/generic/iftex/ifvtex.sty
Package: ifvtex 2019/10/25 v1.7 ifvtex legacy package. Use iftex instead.
)
\Gm@cnth=\count269
\Gm@cntv=\count270
\c@Gm@tempcnt=\count271
\Gm@bindingoffset=\dimen143
\Gm@wd@mp=\dimen144
\Gm@odd@mp=\dimen145
\Gm@even@mp=\dimen146
\Gm@layoutwidth=\dimen147
\Gm@layoutheight=\dimen148
\Gm@layouthoffset=\dimen149
\Gm@layoutvoffset=\dimen150
\Gm@dimlist=\toks17
) (e:/study/math softwaves/tex/texlive/2021/texmf-dist/tex/latex/tools/indentfirst.sty
Package: indentfirst 1995/11/23 v1.03 Indent first paragraph (DPC)
) (e:/study/math softwaves/tex/texlive/2021/texmf-dist/tex/latex/comment/comment.sty
\CommentStream=\write3
 Excluding comment 'comment') (e:/study/math softwaves/tex/texlive/2021/texmf-dist/tex/latex/fontspec/fontspec.sty (e:/study/math softwaves/tex/texlive/2021/texmf-dist/tex/latex/l3packages/xparse/xparse.sty (e:/study/math softwaves/tex/texlive/2021/texmf-dist/tex/latex/l3kernel/expl3.sty
Package: expl3 2021-02-18 L3 programming layer (loader) 
 (e:/study/math softwaves/tex/texlive/2021/texmf-dist/tex/latex/l3backend/l3backend-xetex.def
File: l3backend-xetex.def 2021-03-18 L3 backend support: XeTeX
 (|extractbb --version)
\c__kernel_sys_dvipdfmx_version_int=\count272
\l__color_backend_stack_int=\count273
\g__color_backend_stack_int=\count274
\g__graphics_track_int=\count275
\l__pdf_internal_box=\box48
\g__pdf_backend_object_int=\count276
\g__pdf_backend_annotation_int=\count277
\g__pdf_backend_link_int=\count278
)) (e:/study/math softwaves/tex/texlive/2021/texmf-dist/tex/latex/l3packages/xparse/xparse-2020-10-01.sty (e:/study/math softwaves/tex/texlive/2021/texmf-dist/tex/latex/l3packages/xparse/xparse-generic.tex)))
Package: fontspec 2020/02/21 v2.7i Font selection for XeLaTeX and LuaLaTeX
 (e:/study/math softwaves/tex/texlive/2021/texmf-dist/tex/latex/fontspec/fontspec-xetex.sty
Package: fontspec-xetex 2020/02/21 v2.7i Font selection for XeLaTeX and LuaLaTeX
\l__fontspec_script_int=\count279
\l__fontspec_language_int=\count280
\l__fontspec_strnum_int=\count281
\l__fontspec_tmp_int=\count282
\l__fontspec_tmpa_int=\count283
\l__fontspec_tmpb_int=\count284
\l__fontspec_tmpc_int=\count285
\l__fontspec_em_int=\count286
\l__fontspec_emdef_int=\count287
\l__fontspec_strong_int=\count288
\l__fontspec_strongdef_int=\count289
\l__fontspec_tmpa_dim=\dimen151
\l__fontspec_tmpb_dim=\dimen152
\l__fontspec_tmpc_dim=\dimen153
 (e:/study/math softwaves/tex/texlive/2021/texmf-dist/tex/latex/base/fontenc.sty
Package: fontenc 2020/08/10 v2.0s Standard LaTeX package
) (e:/study/math softwaves/tex/texlive/2021/texmf-dist/tex/latex/fontspec/fontspec.cfg)))
LaTeX Font Info:    Font shape `TU/texgyretermes(0)/m/n' will be
(Font)              scaled to size 10.0pt on input line 176.
 (e:/study/math softwaves/tex/texlive/2021/texmf-dist/tex/latex/ctex/ctex.sty
Package: ctex 2021/03/14 v2.5.6 Chinese adapter in LaTeX (CTEX)
 (e:/study/math softwaves/tex/texlive/2021/texmf-dist/tex/latex/l3packages/l3keys2e/l3keys2e.sty
Package: l3keys2e 2021-03-12 LaTeX2e option processing using LaTeX3 keys
) (e:/study/math softwaves/tex/texlive/2021/texmf-dist/tex/latex/ctex/ctexhook.sty
Package: ctexhook 2021/03/14 v2.5.6 Document and package hooks (CTEX)
) (e:/study/math softwaves/tex/texlive/2021/texmf-dist/tex/latex/ctex/ctexpatch.sty
Package: ctexpatch 2021/03/14 v2.5.6 Patching commands (CTEX)
) (e:/study/math softwaves/tex/texlive/2021/texmf-dist/tex/latex/base/fix-cm.sty
Package: fix-cm 2015/01/14 v1.1t fixes to LaTeX
 (e:/study/math softwaves/tex/texlive/2021/texmf-dist/tex/latex/base/ts1enc.def
File: ts1enc.def 2001/06/05 v3.0e (jk/car/fm) Standard LaTeX file
LaTeX Font Info:    Redeclaring font encoding TS1 on input line 47.
)) (e:/study/math softwaves/tex/texlive/2021/texmf-dist/tex/latex/everysel/everysel.sty
Package: everysel 2021/01/20 v2.1 EverySelectfont Package (MS)
 (e:/study/math softwaves/tex/texlive/2021/texmf-dist/tex/latex/everysel/everysel-2011-10-28.sty))
\l__ctex_tmp_int=\count290
\l__ctex_tmp_box=\box49
\l__ctex_tmp_dim=\dimen154
\g__ctex_section_depth_int=\count291
\g__ctex_font_size_int=\count292
 (e:/study/math softwaves/tex/texlive/2021/texmf-dist/tex/latex/ctex/config/ctexopts.cfg
File: ctexopts.cfg 2021/03/14 v2.5.6 Option configuration file (CTEX)
) (e:/study/math softwaves/tex/texlive/2021/texmf-dist/tex/latex/ctex/engine/ctex-engine-xetex.def
File: ctex-engine-xetex.def 2021/03/14 v2.5.6 XeLaTeX adapter (CTEX)
 (e:/study/math softwaves/tex/texlive/2021/texmf-dist/tex/xelatex/xecjk/xeCJK.sty
Package: xeCJK 2020/10/19 v3.8.6 Typesetting CJK scripts with XeLaTeX
 (e:/study/math softwaves/tex/texlive/2021/texmf-dist/tex/latex/l3packages/xtemplate/xtemplate.sty
Package: xtemplate 2021-03-12 L3 Experimental prototype document functions
\l__xtemplate_tmp_dim=\dimen155
\l__xtemplate_tmp_int=\count293
\l__xtemplate_tmp_muskip=\muskip17
\l__xtemplate_tmp_skip=\skip50
)
\l__xeCJK_tmp_int=\count294
\l__xeCJK_tmp_box=\box50
\l__xeCJK_tmp_dim=\dimen156
\l__xeCJK_tmp_skip=\skip51
\g__xeCJK_space_factor_int=\count295
\l__xeCJK_begin_int=\count296
\l__xeCJK_end_int=\count297
\c__xeCJK_CJK_class_int=\XeTeXcharclass1
\c__xeCJK_FullLeft_class_int=\XeTeXcharclass2
\c__xeCJK_FullRight_class_int=\XeTeXcharclass3
\c__xeCJK_HalfLeft_class_int=\XeTeXcharclass4
\c__xeCJK_HalfRight_class_int=\XeTeXcharclass5
\c__xeCJK_NormalSpace_class_int=\XeTeXcharclass6
\c__xeCJK_CM_class_int=\XeTeXcharclass7
\c__xeCJK_HangulJamo_class_int=\XeTeXcharclass8
\l__xeCJK_last_skip=\skip52
\g__xeCJK_node_int=\count298
\c__xeCJK_CJK_node_dim=\dimen157
\c__xeCJK_CJK-space_node_dim=\dimen158
\c__xeCJK_default_node_dim=\dimen159
\c__xeCJK_default-space_node_dim=\dimen160
\c__xeCJK_CJK-widow_node_dim=\dimen161
\c__xeCJK_normalspace_node_dim=\dimen162
\l__xeCJK_ccglue_skip=\skip53
\l__xeCJK_ecglue_skip=\skip54
\l__xeCJK_punct_kern_skip=\skip55
\l__xeCJK_last_penalty_int=\count299
\l__xeCJK_last_bound_dim=\dimen163
\l__xeCJK_last_kern_dim=\dimen164
\l__xeCJK_widow_penalty_int=\count300

Package xtemplate Info: Declaring object type 'xeCJK/punctuation' taking 0
(xtemplate)             argument(s) on line 2341.

\l__xeCJK_fixed_punct_width_dim=\dimen165
\l__xeCJK_mixed_punct_width_dim=\dimen166
\l__xeCJK_middle_punct_width_dim=\dimen167
\l__xeCJK_fixed_margin_width_dim=\dimen168
\l__xeCJK_mixed_margin_width_dim=\dimen169
\l__xeCJK_middle_margin_width_dim=\dimen170
\l__xeCJK_bound_punct_width_dim=\dimen171
\l__xeCJK_bound_margin_width_dim=\dimen172
\l__xeCJK_margin_minimum_dim=\dimen173
\l__xeCJK_kerning_total_width_dim=\dimen174
\l__xeCJK_same_align_margin_dim=\dimen175
\l__xeCJK_different_align_margin_dim=\dimen176
\l__xeCJK_kerning_margin_width_dim=\dimen177
\l__xeCJK_kerning_margin_minimum_dim=\dimen178
\l__xeCJK_bound_dim=\dimen179
\l__xeCJK_reverse_bound_dim=\dimen180
\l__xeCJK_margin_dim=\dimen181
\l__xeCJK_minimum_bound_dim=\dimen182
\l__xeCJK_kerning_margin_dim=\dimen183
\g__xeCJK_family_int=\count301
\l__xeCJK_fam_int=\count302
\g__xeCJK_fam_allocation_int=\count303
\l__xeCJK_verb_case_int=\count304
\l__xeCJK_verb_exspace_skip=\skip56
 (e:/study/math softwaves/tex/texlive/2021/texmf-dist/tex/xelatex/xecjk/xeCJK.cfg
File: xeCJK.cfg 2020/10/19 v3.8.6 Configuration file for xeCJK package
))
\ccwd=\dimen184
\l__ctex_ccglue_skip=\skip57
)
\l__ctex_ziju_dim=\dimen185
 (e:/study/math softwaves/tex/texlive/2021/texmf-dist/tex/latex/zhnumber/zhnumber.sty
Package: zhnumber 2020/05/01 v2.8 Typesetting numbers with Chinese glyphs
\l__zhnum_scale_int=\count305
 (e:/study/math softwaves/tex/texlive/2021/texmf-dist/tex/latex/zhnumber/zhnumber-utf8.cfg
File: zhnumber-utf8.cfg 2020/05/01 v2.8 Chinese numerals with UTF8 encoding
)) (e:/study/math softwaves/tex/texlive/2021/texmf-dist/tex/latex/ctex/scheme/ctex-scheme-plain.def
File: ctex-scheme-plain.def 2021/03/14 v2.5.6 Plain scheme for generic (CTEX)
) (e:/study/math softwaves/tex/texlive/2021/texmf-dist/tex/latex/ctex/fontset/ctex-fontset-fandol.def
File: ctex-fontset-fandol.def 2021/03/14 v2.5.6 Fandol fonts definition (CTEX)
)) (e:/study/math softwaves/tex/texlive/2021/texmf-dist/tex/latex/ctex/config/ctex.cfg
File: ctex.cfg 2021/03/14 v2.5.6 Configuration file (CTEX)
) (e:/study/math softwaves/tex/texlive/2021/texmf-dist/tex/latex/anyfontsize/anyfontsize.sty
Invalid UTF-8 byte or sequence at line 3 replaced by U+FFFD.
Invalid UTF-8 byte or sequence at line 3 replaced by U+FFFD.
Package: anyfontsize 2007/11/22 anyfontsize.sty by pts
) (e:/study/math softwaves/tex/texlive/2021/texmf-dist/tex/latex/xcolor/xcolor.sty
Package: xcolor 2016/05/11 v2.12 LaTeX color extensions (UK)
 (e:/study/math softwaves/tex/texlive/2021/texmf-dist/tex/latex/graphics-cfg/color.cfg
File: color.cfg 2016/01/02 v1.6 sample color configuration
)
Package xcolor Info: Driver file: xetex.def on input line 225.
 (e:/study/math softwaves/tex/texlive/2021/texmf-dist/tex/latex/graphics-def/xetex.def
File: xetex.def 2021/03/18 v5.0k Graphics/color driver for xetex
) (e:/study/math softwaves/tex/texlive/2021/texmf-dist/tex/latex/colortbl/colortbl.sty
Package: colortbl 2020/01/04 v1.0e Color table columns (DPC)
 (e:/study/math softwaves/tex/texlive/2021/texmf-dist/tex/latex/tools/array.sty
Package: array 2020/10/01 v2.5c Tabular extension package (FMi)
\col@sep=\dimen186
\ar@mcellbox=\box51
\extrarowheight=\dimen187
\NC@list=\toks18
\extratabsurround=\skip58
\backup@length=\skip59
\ar@cellbox=\box52
)
\everycr=\toks19
\minrowclearance=\skip60
)
\rownum=\count306
Package xcolor Info: Model `cmy' substituted by `cmy0' on input line 1348.
Package xcolor Info: Model `RGB' extended on input line 1364.
Package xcolor Info: Model `HTML' substituted by `rgb' on input line 1366.
Package xcolor Info: Model `Hsb' substituted by `hsb' on input line 1367.
Package xcolor Info: Model `tHsb' substituted by `hsb' on input line 1368.
Package xcolor Info: Model `HSB' substituted by `hsb' on input line 1369.
Package xcolor Info: Model `Gray' substituted by `gray' on input line 1370.
Package xcolor Info: Model `wave' substituted by `hsb' on input line 1371.
) (e:/study/math softwaves/tex/texlive/2021/texmf-dist/tex/latex/mwe/mwe.sty
Package: mwe 2018/03/30 v0.5 Package to support minimal working examples (MWE)
 (e:/study/math softwaves/tex/texlive/2021/texmf-dist/tex/latex/graphics/graphicx.sty
Package: graphicx 2020/09/09 v1.2b Enhanced LaTeX Graphics (DPC,SPQR)
 (e:/study/math softwaves/tex/texlive/2021/texmf-dist/tex/latex/graphics/graphics.sty
Package: graphics 2020/08/30 v1.4c Standard LaTeX Graphics (DPC,SPQR)
 (e:/study/math softwaves/tex/texlive/2021/texmf-dist/tex/latex/graphics/trig.sty
Package: trig 2016/01/03 v1.10 sin cos tan (DPC)
) (e:/study/math softwaves/tex/texlive/2021/texmf-dist/tex/latex/graphics-cfg/graphics.cfg
File: graphics.cfg 2016/06/04 v1.11 sample graphics configuration
)
Package graphics Info: Driver file: xetex.def on input line 105.
)
\Gin@req@height=\dimen188
\Gin@req@width=\dimen189
) (e:/study/math softwaves/tex/texlive/2021/texmf-dist/tex/latex/lipsum/lipsum.sty
Package: lipsum 2021-03-03 v2.3 150 paragraphs of Lorem Ipsum dummy text
 (e:/study/math softwaves/tex/texlive/2021/texmf-dist/tex/latex/lipsum/lipsum.ltd.tex
File: lipsum.ltd.tex 2021-03-03 v2.3 The Lorem ipsum dummy text
)) (e:/study/math softwaves/tex/texlive/2021/texmf-dist/tex/latex/blindtext/blindtext.sty
Package: blindtext 2012/01/06 V2.0 blindtext-Package
 (e:/study/math softwaves/tex/texlive/2021/texmf-dist/tex/latex/tools/xspace.sty
Package: xspace 2014/10/28 v1.13 Space after command names (DPC,MH)
)
\c@blindtext=\count307
\c@Blindtext=\count308
\c@blind@countparstart=\count309
\blind@countxx=\count310
\blindtext@numBlindtext=\count311
\blind@countyy=\count312
\c@blindlist=\count313
\c@blindlistlevel=\count314
\c@blindlist@level=\count315
\blind@listitem=\count316
\c@blind@listcount=\count317
\c@blind@levelcount=\count318
\blind@mathformula=\count319
\blind@Mathformula=\count320
\c@blind@randomcount=\count321
\c@blind@randommax=\count322
\c@blind@pangramcount=\count323
\c@blind@pangrammax=\count324
)) (e:/study/math softwaves/tex/texlive/2021/texmf-dist/tex/latex/tools/enumerate.sty
Package: enumerate 2015/07/23 v3.00 enumerate extensions (DPC)
\@enLab=\toks20
) (e:/study/math softwaves/tex/texlive/2021/texmf-dist/tex/latex/enumitem/enumitem.sty
Package: enumitem 2019/06/20 v3.9 Customized lists
\labelindent=\skip61
\enit@outerparindent=\dimen190
\enit@toks=\toks21
\enit@inbox=\box53
\enit@count@id=\count325
\enitdp@description=\count326
) (e:/study/math softwaves/tex/texlive/2021/texmf-dist/tex/latex/caption/caption.sty
Package: caption 2020/10/26 v3.5g Customizing captions (AR)
 (e:/study/math softwaves/tex/texlive/2021/texmf-dist/tex/latex/caption/caption3.sty
Package: caption3 2020/10/21 v2.2e caption3 kernel (AR)
\captionmargin=\dimen191
\captionmargin@=\dimen192
\captionwidth=\dimen193
\caption@tempdima=\dimen194
\caption@indent=\dimen195
\caption@parindent=\dimen196
\caption@hangindent=\dimen197
Package caption Info: Standard document class detected.
)
\c@caption@flags=\count327
\c@continuedfloat=\count328
Package caption Info: hyperref package is loaded.
) (e:/study/math softwaves/tex/texlive/2021/texmf-dist/tex/latex/amsmath/amsmath.sty
Package: amsmath 2020/09/23 v2.17i AMS math features
\@mathmargin=\skip62

For additional information on amsmath, use the `?' option.
(e:/study/math softwaves/tex/texlive/2021/texmf-dist/tex/latex/amsmath/amstext.sty
Package: amstext 2000/06/29 v2.01 AMS text
 (e:/study/math softwaves/tex/texlive/2021/texmf-dist/tex/latex/amsmath/amsgen.sty
File: amsgen.sty 1999/11/30 v2.0 generic functions
\@emptytoks=\toks22
\ex@=\dimen198
)) (e:/study/math softwaves/tex/texlive/2021/texmf-dist/tex/latex/amsmath/amsbsy.sty
Package: amsbsy 1999/11/29 v1.2d Bold Symbols
\pmbraise@=\dimen199
) (e:/study/math softwaves/tex/texlive/2021/texmf-dist/tex/latex/amsmath/amsopn.sty
Package: amsopn 2016/03/08 v2.02 operator names
)
\inf@bad=\count329
LaTeX Info: Redefining \frac on input line 234.
\uproot@=\count330
\leftroot@=\count331
LaTeX Info: Redefining \overline on input line 399.
\classnum@=\count332
\DOTSCASE@=\count333
LaTeX Info: Redefining \ldots on input line 496.
LaTeX Info: Redefining \dots on input line 499.
LaTeX Info: Redefining \cdots on input line 620.
\Mathstrutbox@=\box54
\strutbox@=\box55
\big@size=\dimen256
LaTeX Font Info:    Redeclaring font encoding OML on input line 743.
LaTeX Font Info:    Redeclaring font encoding OMS on input line 744.
\macc@depth=\count334
\c@MaxMatrixCols=\count335
\dotsspace@=\muskip18
\c@parentequation=\count336
\dspbrk@lvl=\count337
\tag@help=\toks23
\row@=\count338
\column@=\count339
\maxfields@=\count340
\andhelp@=\toks24
\eqnshift@=\dimen257
\alignsep@=\dimen258
\tagshift@=\dimen259
\tagwidth@=\dimen260
\totwidth@=\dimen261
\lineht@=\dimen262
\@envbody=\toks25
\multlinegap=\skip63
\multlinetaggap=\skip64
\mathdisplay@stack=\toks26
LaTeX Info: Redefining \[ on input line 2923.
LaTeX Info: Redefining \] on input line 2924.
) (e:/study/math softwaves/tex/texlive/2021/texmf-dist/tex/latex/jknapltx/mathrsfs.sty
Package: mathrsfs 1996/01/01 Math RSFS package v1.0 (jk)
\symrsfs=\mathgroup4
) (e:/study/math softwaves/tex/texlive/2021/texmf-dist/tex/latex/amsfonts/amsfonts.sty
Package: amsfonts 2013/01/14 v3.01 Basic AMSFonts support
\symAMSa=\mathgroup5
\symAMSb=\mathgroup6
LaTeX Font Info:    Redeclaring math symbol \hbar on input line 98.
LaTeX Font Info:    Overwriting math alphabet `\mathfrak' in version `bold'
(Font)                  U/euf/m/n --> U/euf/b/n on input line 106.
) (e:/study/math softwaves/tex/texlive/2021/texmf-dist/tex/latex/amsfonts/amssymb.sty
Package: amssymb 2013/01/14 v3.01 AMS font symbols
) (e:/study/math softwaves/tex/texlive/2021/texmf-dist/tex/latex/booktabs/booktabs.sty
Package: booktabs 2020/01/12 v1.61803398 Publication quality tables
\heavyrulewidth=\dimen263
\lightrulewidth=\dimen264
\cmidrulewidth=\dimen265
\belowrulesep=\dimen266
\belowbottomsep=\dimen267
\aboverulesep=\dimen268
\abovetopsep=\dimen269
\cmidrulesep=\dimen270
\cmidrulekern=\dimen271
\defaultaddspace=\dimen272
\@cmidla=\count341
\@cmidlb=\count342
\@aboverulesep=\dimen273
\@belowrulesep=\dimen274
\@thisruleclass=\count343
\@lastruleclass=\count344
\@thisrulewidth=\dimen275
) (e:/study/math softwaves/tex/texlive/2021/texmf-dist/tex/latex/tools/multicol.sty
Package: multicol 2019/12/09 v1.8y multicolumn formatting (FMi)
\c@tracingmulticols=\count345
\mult@box=\box56
\multicol@leftmargin=\dimen276
\c@unbalance=\count346
\c@collectmore=\count347
\doublecol@number=\count348
\multicoltolerance=\count349
\multicolpretolerance=\count350
\full@width=\dimen277
\page@free=\dimen278
\premulticols=\dimen279
\postmulticols=\dimen280
\multicolsep=\skip65
\multicolbaselineskip=\skip66
\partial@page=\box57
\last@line=\box58
\maxbalancingoverflow=\dimen281
\mult@rightbox=\box59
\mult@grightbox=\box60
\mult@gfirstbox=\box61
\mult@firstbox=\box62
\@tempa=\box63
\@tempa=\box64
\@tempa=\box65
\@tempa=\box66
\@tempa=\box67
\@tempa=\box68
\@tempa=\box69
\@tempa=\box70
\@tempa=\box71
\@tempa=\box72
\@tempa=\box73
\@tempa=\box74
\@tempa=\box75
\@tempa=\box76
\@tempa=\box77
\@tempa=\box78
\@tempa=\box79
\@tempa=\box80
\@tempa=\box81
\@tempa=\box82
\@tempa=\box83
\@tempa=\box84
\@tempa=\box85
\@tempa=\box86
\@tempa=\box87
\@tempa=\box88
\@tempa=\box89
\@tempa=\box90
\@tempa=\box91
\@tempa=\box92
\@tempa=\box93
\@tempa=\box94
\@tempa=\box95
\@tempa=\box96
\@tempa=\box97
\@tempa=\box98
\@tempa=\box99
\c@minrows=\count351
\c@columnbadness=\count352
\c@finalcolumnbadness=\count353
\last@try=\dimen282
\multicolovershoot=\dimen283
\multicolundershoot=\dimen284
\mult@nat@firstbox=\box100
\colbreak@box=\box101
\mc@col@check@num=\count354
) (e:/study/math softwaves/tex/texlive/2021/texmf-dist/tex/latex/multirow/multirow.sty
Package: multirow 2021/03/15 v2.8 Span multiple rows of a table
\multirow@colwidth=\skip67
\multirow@cntb=\count355
\multirow@dima=\skip68
\bigstrutjot=\dimen285
) (e:/study/math softwaves/tex/texlive/2021/texmf-dist/tex/latex/fancyvrb/fancyvrb.sty
Package: fancyvrb 2021/01/20 v3.7 verbatim text (tvz,hv)
\FV@CodeLineNo=\count356
\FV@InFile=\read2
\FV@TabBox=\box102
\c@FancyVerbLine=\count357
\FV@StepNumber=\count358
\FV@OutFile=\write4
) (e:/study/math softwaves/tex/texlive/2021/texmf-dist/tex/latex/makecell/makecell.sty
Package: makecell 2009/08/03 V0.1e Managing of Tab Column Heads and Cells
\rotheadsize=\dimen286
\c@nlinenum=\count359
\TeXr@lab=\toks27
) (e:/study/math softwaves/tex/texlive/2021/texmf-dist/tex/generic/hologo/hologo.sty
Package: hologo 2019/12/05 v1.14 A logo collection with bookmark support (HO)
) (e:/study/math softwaves/tex/texlive/2021/texmf-dist/tex/latex/titlesec/titlesec.sty
Package: titlesec 2019/10/16 v2.13 Sectioning titles
\ttl@box=\box103
\beforetitleunit=\skip69
\aftertitleunit=\skip70
\ttl@plus=\dimen287
\ttl@minus=\dimen288
\ttl@toksa=\toks28
\titlewidth=\dimen289
\titlewidthlast=\dimen290
\titlewidthfirst=\dimen291
 (e:/study/math softwaves/tex/texlive/2021/texmf-dist/tex/latex/titlesec/titleps.sty)) (e:/study/math softwaves/tex/texlive/2021/texmf-dist/tex/latex/appendix/appendix.sty
Package: appendix 2020/02/08 v1.2c extra appendix facilities
\c@@pps=\count360
\c@@ppsavesec=\count361
\c@@ppsaveapp=\count362
) (e:/study/math softwaves/tex/texlive/2021/texmf-dist/tex/latex/biblatex/biblatex.sty
Package: biblatex 2020/12/31 v3.16 programmable bibliographies (PK/MW)
 (e:/study/math softwaves/tex/texlive/2021/texmf-dist/tex/latex/logreq/logreq.sty
Package: logreq 2010/08/04 v1.0 xml request logger
\lrq@indent=\count363
 (e:/study/math softwaves/tex/texlive/2021/texmf-dist/tex/latex/logreq/logreq.def
File: logreq.def 2010/08/04 v1.0 logreq spec v1.0
)) (e:/study/math softwaves/tex/texlive/2021/texmf-dist/tex/latex/base/ifthen.sty
Package: ifthen 2014/09/29 v1.1c Standard LaTeX ifthen package (DPC)
)
\c@tabx@nest=\count364
\c@listtotal=\count365
\c@listcount=\count366
\c@liststart=\count367
\c@liststop=\count368
\c@citecount=\count369
\c@citetotal=\count370
\c@multicitecount=\count371
\c@multicitetotal=\count372
\c@instcount=\count373
\c@maxnames=\count374
\c@minnames=\count375
\c@maxitems=\count376
\c@minitems=\count377
\c@citecounter=\count378
\c@maxcitecounter=\count379
\c@savedcitecounter=\count380
\c@uniquelist=\count381
\c@uniquename=\count382
\c@refsection=\count383
\c@refsegment=\count384
\c@maxextratitle=\count385
\c@maxextratitleyear=\count386
\c@maxextraname=\count387
\c@maxextradate=\count388
\c@maxextraalpha=\count389
\c@abbrvpenalty=\count390
\c@highnamepenalty=\count391
\c@lownamepenalty=\count392
\c@maxparens=\count393
\c@parenlevel=\count394
\blx@tempcnta=\count395
\blx@tempcntb=\count396
\blx@tempcntc=\count397
\blx@maxsection=\count398
\blx@maxsegment@0=\count399
\blx@notetype=\count400
\blx@parenlevel@text=\count401
\blx@parenlevel@foot=\count402
\blx@sectionciteorder@0=\count403
\blx@entrysetcounter=\count404
\blx@biblioinstance=\count405
\labelnumberwidth=\skip71
\labelalphawidth=\skip72
\biblabelsep=\skip73
\bibitemsep=\skip74
\bibnamesep=\skip75
\bibinitsep=\skip76
\bibparsep=\skip77
\bibhang=\skip78
\blx@bcfin=\read3
\blx@bcfout=\write5
\blx@langwohyphens=\language87
\c@mincomprange=\count406
\c@maxcomprange=\count407
\c@mincompwidth=\count408
Package biblatex Info: Trying to load biblatex default data model...
Package biblatex Info: ... file 'blx-dm.def' found.
 (e:/study/math softwaves/tex/texlive/2021/texmf-dist/tex/latex/biblatex/blx-dm.def
File: blx-dm.def 2020/12/31 v3.16 biblatex localization (PK/MW)
)
Package biblatex Info: Trying to load biblatex citestyle data model...
Package biblatex Info: ... file 'numeric-comp.dbx' not found.
Package biblatex Info: Trying to load biblatex bibstyle data model...
Package biblatex Info: ... file 'numeric.dbx' not found.
Package biblatex Info: Trying to load biblatex custom data model...
Package biblatex Info: ... file 'biblatex-dm.cfg' not found.
\c@afterword=\count409
\c@savedafterword=\count410
\c@annotator=\count411
\c@savedannotator=\count412
\c@author=\count413
\c@savedauthor=\count414
\c@bookauthor=\count415
\c@savedbookauthor=\count416
\c@commentator=\count417
\c@savedcommentator=\count418
\c@editor=\count419
\c@savededitor=\count420
\c@editora=\count421
\c@savededitora=\count422
\c@editorb=\count423
\c@savededitorb=\count424
\c@editorc=\count425
\c@savededitorc=\count426
\c@foreword=\count427
\c@savedforeword=\count428
\c@holder=\count429
\c@savedholder=\count430
\c@introduction=\count431
\c@savedintroduction=\count432
\c@namea=\count433
\c@savednamea=\count434
\c@nameb=\count435
\c@savednameb=\count436
\c@namec=\count437
\c@savednamec=\count438
\c@translator=\count439
\c@savedtranslator=\count440
\c@shortauthor=\count441
\c@savedshortauthor=\count442
\c@shorteditor=\count443
\c@savedshorteditor=\count444
\c@labelname=\count445
\c@savedlabelname=\count446
\c@institution=\count447
\c@savedinstitution=\count448
\c@lista=\count449
\c@savedlista=\count450
\c@listb=\count451
\c@savedlistb=\count452
\c@listc=\count453
\c@savedlistc=\count454
\c@listd=\count455
\c@savedlistd=\count456
\c@liste=\count457
\c@savedliste=\count458
\c@listf=\count459
\c@savedlistf=\count460
\c@location=\count461
\c@savedlocation=\count462
\c@organization=\count463
\c@savedorganization=\count464
\c@origlocation=\count465
\c@savedoriglocation=\count466
\c@origpublisher=\count467
\c@savedorigpublisher=\count468
\c@publisher=\count469
\c@savedpublisher=\count470
\c@language=\count471
\c@savedlanguage=\count472
\c@origlanguage=\count473
\c@savedoriglanguage=\count474
\c@pageref=\count475
\c@savedpageref=\count476
\shorthandwidth=\skip79
\shortjournalwidth=\skip80
\shortserieswidth=\skip81
\shorttitlewidth=\skip82
\shortauthorwidth=\skip83
\shorteditorwidth=\skip84
\locallabelnumberwidth=\skip85
\locallabelalphawidth=\skip86
\localshorthandwidth=\skip87
\localshortjournalwidth=\skip88
\localshortserieswidth=\skip89
\localshorttitlewidth=\skip90
\localshortauthorwidth=\skip91
\localshorteditorwidth=\skip92
Package biblatex Info: Trying to load enhanced support for Unicode engines...
Package biblatex Info: ... file 'blx-unicode.def' found.
 (e:/study/math softwaves/tex/texlive/2021/texmf-dist/tex/latex/biblatex/blx-unicode.def)
Package biblatex Info: Trying to load compatibility code...
Package biblatex Info: ... file 'blx-compat.def' found.
 (e:/study/math softwaves/tex/texlive/2021/texmf-dist/tex/latex/biblatex/blx-compat.def
File: blx-compat.def 2020/12/31 v3.16 biblatex compatibility (PK/MW)
)
Package biblatex Info: Trying to load generic definitions...
Package biblatex Info: ... file 'biblatex.def' found.
 (e:/study/math softwaves/tex/texlive/2021/texmf-dist/tex/latex/biblatex/biblatex.def
File: biblatex.def 2020/12/31 v3.16 biblatex compatibility (PK/MW)
\c@textcitecount=\count477
\c@textcitetotal=\count478
\c@textcitemaxnames=\count479
\c@biburlbigbreakpenalty=\count480
\c@biburlbreakpenalty=\count481
\c@biburlnumpenalty=\count482
\c@biburlucpenalty=\count483
\c@biburllcpenalty=\count484
\biburlbigskip=\muskip19
\biburlnumskip=\muskip20
\biburlucskip=\muskip21
\biburllcskip=\muskip22
\c@smartand=\count485
)
Package biblatex Info: Trying to load bibliography style 'numeric'...
Package biblatex Info: ... file 'numeric.bbx' found.
 (e:/study/math softwaves/tex/texlive/2021/texmf-dist/tex/latex/biblatex/bbx/numeric.bbx
File: numeric.bbx 2020/12/31 v3.16 biblatex bibliography style (PK/MW)
Package biblatex Info: Trying to load bibliography style 'standard'...
Package biblatex Info: ... file 'standard.bbx' found.
 (e:/study/math softwaves/tex/texlive/2021/texmf-dist/tex/latex/biblatex/bbx/standard.bbx
File: standard.bbx 2020/12/31 v3.16 biblatex bibliography style (PK/MW)
\c@bbx:relatedcount=\count486
\c@bbx:relatedtotal=\count487
))
Package biblatex Info: Trying to load citation style 'numeric-comp'...
Package biblatex Info: ... file 'numeric-comp.cbx' found.
 (e:/study/math softwaves/tex/texlive/2021/texmf-dist/tex/latex/biblatex/cbx/numeric-comp.cbx
File: numeric-comp.cbx 2020/12/31 v3.16 biblatex citation style (PK/MW)
\c@cbx@tempcnta=\count488
\c@cbx@tempcntb=\count489
\c@cbx@tempcntc=\count490
\c@cbx@tempcntd=\count491
Package biblatex Info: Redefining '\cite'.
Package biblatex Info: Redefining '\parencite'.
Package biblatex Info: Redefining '\footcite'.
Package biblatex Info: Redefining '\footcitetext'.
Package biblatex Info: Redefining '\smartcite'.
Package biblatex Info: Redefining '\supercite'.
Package biblatex Info: Redefining '\textcite'.
Package biblatex Info: Redefining '\textcites'.
Package biblatex Info: Redefining '\cites'.
Package biblatex Info: Redefining '\parencites'.
Package biblatex Info: Redefining '\smartcites'.
)
Package biblatex Info: Trying to load configuration file...
Package biblatex Info: ... file 'biblatex.cfg' found.
 (e:/study/math softwaves/tex/texlive/2021/texmf-dist/tex/latex/biblatex/biblatex.cfg
File: biblatex.cfg 
)) (e:/study/math softwaves/tex/texlive/2021/texmf-dist/tex/latex/pgf/frontendlayer/tikz.sty (e:/study/math softwaves/tex/texlive/2021/texmf-dist/tex/latex/pgf/basiclayer/pgf.sty (e:/study/math softwaves/tex/texlive/2021/texmf-dist/tex/latex/pgf/utilities/pgfrcs.sty (e:/study/math softwaves/tex/texlive/2021/texmf-dist/tex/generic/pgf/utilities/pgfutil-common.tex
\pgfutil@everybye=\toks29
\pgfutil@tempdima=\dimen292
\pgfutil@tempdimb=\dimen293
 (e:/study/math softwaves/tex/texlive/2021/texmf-dist/tex/generic/pgf/utilities/pgfutil-common-lists.tex)) (e:/study/math softwaves/tex/texlive/2021/texmf-dist/tex/generic/pgf/utilities/pgfutil-latex.def
\pgfutil@abb=\box104
) (e:/study/math softwaves/tex/texlive/2021/texmf-dist/tex/generic/pgf/utilities/pgfrcs.code.tex (e:/study/math softwaves/tex/texlive/2021/texmf-dist/tex/generic/pgf/pgf.revision.tex)
Package: pgfrcs 2020/12/27 v3.1.8b (3.1.8b)
))
Package: pgf 2020/12/27 v3.1.8b (3.1.8b)
 (e:/study/math softwaves/tex/texlive/2021/texmf-dist/tex/latex/pgf/basiclayer/pgfcore.sty (e:/study/math softwaves/tex/texlive/2021/texmf-dist/tex/latex/pgf/systemlayer/pgfsys.sty (e:/study/math softwaves/tex/texlive/2021/texmf-dist/tex/generic/pgf/systemlayer/pgfsys.code.tex
Package: pgfsys 2020/12/27 v3.1.8b (3.1.8b)
 (e:/study/math softwaves/tex/texlive/2021/texmf-dist/tex/generic/pgf/utilities/pgfkeys.code.tex
\pgfkeys@pathtoks=\toks30
\pgfkeys@temptoks=\toks31
 (e:/study/math softwaves/tex/texlive/2021/texmf-dist/tex/generic/pgf/utilities/pgfkeysfiltered.code.tex
\pgfkeys@tmptoks=\toks32
))
\pgf@x=\dimen294
\pgf@y=\dimen295
\pgf@xa=\dimen296
\pgf@ya=\dimen297
\pgf@xb=\dimen298
\pgf@yb=\dimen299
\pgf@xc=\dimen300
\pgf@yc=\dimen301
\pgf@xd=\dimen302
\pgf@yd=\dimen303
\w@pgf@writea=\write6
\r@pgf@reada=\read4
\c@pgf@counta=\count492
\c@pgf@countb=\count493
\c@pgf@countc=\count494
\c@pgf@countd=\count495
\t@pgf@toka=\toks33
\t@pgf@tokb=\toks34
\t@pgf@tokc=\toks35
\pgf@sys@id@count=\count496
 (e:/study/math softwaves/tex/texlive/2021/texmf-dist/tex/generic/pgf/systemlayer/pgf.cfg
File: pgf.cfg 2020/12/27 v3.1.8b (3.1.8b)
)
Driver file for pgf: pgfsys-xetex.def
 (e:/study/math softwaves/tex/texlive/2021/texmf-dist/tex/generic/pgf/systemlayer/pgfsys-xetex.def
File: pgfsys-xetex.def 2020/12/27 v3.1.8b (3.1.8b)
 (e:/study/math softwaves/tex/texlive/2021/texmf-dist/tex/generic/pgf/systemlayer/pgfsys-dvipdfmx.def
File: pgfsys-dvipdfmx.def 2020/12/27 v3.1.8b (3.1.8b)
 (e:/study/math softwaves/tex/texlive/2021/texmf-dist/tex/generic/pgf/systemlayer/pgfsys-common-pdf.def
File: pgfsys-common-pdf.def 2020/12/27 v3.1.8b (3.1.8b)
)
\pgfsys@objnum=\count497
))) (e:/study/math softwaves/tex/texlive/2021/texmf-dist/tex/generic/pgf/systemlayer/pgfsyssoftpath.code.tex
File: pgfsyssoftpath.code.tex 2020/12/27 v3.1.8b (3.1.8b)
\pgfsyssoftpath@smallbuffer@items=\count498
\pgfsyssoftpath@bigbuffer@items=\count499
) (e:/study/math softwaves/tex/texlive/2021/texmf-dist/tex/generic/pgf/systemlayer/pgfsysprotocol.code.tex
File: pgfsysprotocol.code.tex 2020/12/27 v3.1.8b (3.1.8b)
)) (e:/study/math softwaves/tex/texlive/2021/texmf-dist/tex/generic/pgf/basiclayer/pgfcore.code.tex
Package: pgfcore 2020/12/27 v3.1.8b (3.1.8b)
 (e:/study/math softwaves/tex/texlive/2021/texmf-dist/tex/generic/pgf/math/pgfmath.code.tex (e:/study/math softwaves/tex/texlive/2021/texmf-dist/tex/generic/pgf/math/pgfmathcalc.code.tex (e:/study/math softwaves/tex/texlive/2021/texmf-dist/tex/generic/pgf/math/pgfmathutil.code.tex) (e:/study/math softwaves/tex/texlive/2021/texmf-dist/tex/generic/pgf/math/pgfmathparser.code.tex
\pgfmath@dimen=\dimen304
\pgfmath@count=\count500
\pgfmath@box=\box105
\pgfmath@toks=\toks36
\pgfmath@stack@operand=\toks37
\pgfmath@stack@operation=\toks38
) (e:/study/math softwaves/tex/texlive/2021/texmf-dist/tex/generic/pgf/math/pgfmathfunctions.code.tex (e:/study/math softwaves/tex/texlive/2021/texmf-dist/tex/generic/pgf/math/pgfmathfunctions.basic.code.tex) (e:/study/math softwaves/tex/texlive/2021/texmf-dist/tex/generic/pgf/math/pgfmathfunctions.trigonometric.code.tex) (e:/study/math softwaves/tex/texlive/2021/texmf-dist/tex/generic/pgf/math/pgfmathfunctions.random.code.tex) (e:/study/math softwaves/tex/texlive/2021/texmf-dist/tex/generic/pgf/math/pgfmathfunctions.comparison.code.tex) (e:/study/math softwaves/tex/texlive/2021/texmf-dist/tex/generic/pgf/math/pgfmathfunctions.base.code.tex) (e:/study/math softwaves/tex/texlive/2021/texmf-dist/tex/generic/pgf/math/pgfmathfunctions.round.code.tex) (e:/study/math softwaves/tex/texlive/2021/texmf-dist/tex/generic/pgf/math/pgfmathfunctions.misc.code.tex) (e:/study/math softwaves/tex/texlive/2021/texmf-dist/tex/generic/pgf/math/pgfmathfunctions.integerarithmetics.code.tex))) (e:/study/math softwaves/tex/texlive/2021/texmf-dist/tex/generic/pgf/math/pgfmathfloat.code.tex
\c@pgfmathroundto@lastzeros=\count501
)) (e:/study/math softwaves/tex/texlive/2021/texmf-dist/tex/generic/pgf/math/pgfint.code.tex) (e:/study/math softwaves/tex/texlive/2021/texmf-dist/tex/generic/pgf/basiclayer/pgfcorepoints.code.tex
File: pgfcorepoints.code.tex 2020/12/27 v3.1.8b (3.1.8b)
\pgf@picminx=\dimen305
\pgf@picmaxx=\dimen306
\pgf@picminy=\dimen307
\pgf@picmaxy=\dimen308
\pgf@pathminx=\dimen309
\pgf@pathmaxx=\dimen310
\pgf@pathminy=\dimen311
\pgf@pathmaxy=\dimen312
\pgf@xx=\dimen313
\pgf@xy=\dimen314
\pgf@yx=\dimen315
\pgf@yy=\dimen316
\pgf@zx=\dimen317
\pgf@zy=\dimen318
) (e:/study/math softwaves/tex/texlive/2021/texmf-dist/tex/generic/pgf/basiclayer/pgfcorepathconstruct.code.tex
File: pgfcorepathconstruct.code.tex 2020/12/27 v3.1.8b (3.1.8b)
\pgf@path@lastx=\dimen319
\pgf@path@lasty=\dimen320
) (e:/study/math softwaves/tex/texlive/2021/texmf-dist/tex/generic/pgf/basiclayer/pgfcorepathusage.code.tex
File: pgfcorepathusage.code.tex 2020/12/27 v3.1.8b (3.1.8b)
\pgf@shorten@end@additional=\dimen321
\pgf@shorten@start@additional=\dimen322
) (e:/study/math softwaves/tex/texlive/2021/texmf-dist/tex/generic/pgf/basiclayer/pgfcorescopes.code.tex
File: pgfcorescopes.code.tex 2020/12/27 v3.1.8b (3.1.8b)
\pgfpic=\box106
\pgf@hbox=\box107
\pgf@layerbox@main=\box108
\pgf@picture@serial@count=\count502
) (e:/study/math softwaves/tex/texlive/2021/texmf-dist/tex/generic/pgf/basiclayer/pgfcoregraphicstate.code.tex
File: pgfcoregraphicstate.code.tex 2020/12/27 v3.1.8b (3.1.8b)
\pgflinewidth=\dimen323
) (e:/study/math softwaves/tex/texlive/2021/texmf-dist/tex/generic/pgf/basiclayer/pgfcoretransformations.code.tex
File: pgfcoretransformations.code.tex 2020/12/27 v3.1.8b (3.1.8b)
\pgf@pt@x=\dimen324
\pgf@pt@y=\dimen325
\pgf@pt@temp=\dimen326
) (e:/study/math softwaves/tex/texlive/2021/texmf-dist/tex/generic/pgf/basiclayer/pgfcorequick.code.tex
File: pgfcorequick.code.tex 2020/12/27 v3.1.8b (3.1.8b)
) (e:/study/math softwaves/tex/texlive/2021/texmf-dist/tex/generic/pgf/basiclayer/pgfcoreobjects.code.tex
File: pgfcoreobjects.code.tex 2020/12/27 v3.1.8b (3.1.8b)
) (e:/study/math softwaves/tex/texlive/2021/texmf-dist/tex/generic/pgf/basiclayer/pgfcorepathprocessing.code.tex
File: pgfcorepathprocessing.code.tex 2020/12/27 v3.1.8b (3.1.8b)
) (e:/study/math softwaves/tex/texlive/2021/texmf-dist/tex/generic/pgf/basiclayer/pgfcorearrows.code.tex
File: pgfcorearrows.code.tex 2020/12/27 v3.1.8b (3.1.8b)
\pgfarrowsep=\dimen327
) (e:/study/math softwaves/tex/texlive/2021/texmf-dist/tex/generic/pgf/basiclayer/pgfcoreshade.code.tex
File: pgfcoreshade.code.tex 2020/12/27 v3.1.8b (3.1.8b)
\pgf@max=\dimen328
\pgf@sys@shading@range@num=\count503
\pgf@shadingcount=\count504
) (e:/study/math softwaves/tex/texlive/2021/texmf-dist/tex/generic/pgf/basiclayer/pgfcoreimage.code.tex
File: pgfcoreimage.code.tex 2020/12/27 v3.1.8b (3.1.8b)
 (e:/study/math softwaves/tex/texlive/2021/texmf-dist/tex/generic/pgf/basiclayer/pgfcoreexternal.code.tex
File: pgfcoreexternal.code.tex 2020/12/27 v3.1.8b (3.1.8b)
\pgfexternal@startupbox=\box109
)) (e:/study/math softwaves/tex/texlive/2021/texmf-dist/tex/generic/pgf/basiclayer/pgfcorelayers.code.tex
File: pgfcorelayers.code.tex 2020/12/27 v3.1.8b (3.1.8b)
) (e:/study/math softwaves/tex/texlive/2021/texmf-dist/tex/generic/pgf/basiclayer/pgfcoretransparency.code.tex
File: pgfcoretransparency.code.tex 2020/12/27 v3.1.8b (3.1.8b)
) (e:/study/math softwaves/tex/texlive/2021/texmf-dist/tex/generic/pgf/basiclayer/pgfcorepatterns.code.tex
File: pgfcorepatterns.code.tex 2020/12/27 v3.1.8b (3.1.8b)
) (e:/study/math softwaves/tex/texlive/2021/texmf-dist/tex/generic/pgf/basiclayer/pgfcorerdf.code.tex
File: pgfcorerdf.code.tex 2020/12/27 v3.1.8b (3.1.8b)
))) (e:/study/math softwaves/tex/texlive/2021/texmf-dist/tex/generic/pgf/modules/pgfmoduleshapes.code.tex
File: pgfmoduleshapes.code.tex 2020/12/27 v3.1.8b (3.1.8b)
\pgfnodeparttextbox=\box110
) (e:/study/math softwaves/tex/texlive/2021/texmf-dist/tex/generic/pgf/modules/pgfmoduleplot.code.tex
File: pgfmoduleplot.code.tex 2020/12/27 v3.1.8b (3.1.8b)
) (e:/study/math softwaves/tex/texlive/2021/texmf-dist/tex/latex/pgf/compatibility/pgfcomp-version-0-65.sty
Package: pgfcomp-version-0-65 2020/12/27 v3.1.8b (3.1.8b)
\pgf@nodesepstart=\dimen329
\pgf@nodesepend=\dimen330
) (e:/study/math softwaves/tex/texlive/2021/texmf-dist/tex/latex/pgf/compatibility/pgfcomp-version-1-18.sty
Package: pgfcomp-version-1-18 2020/12/27 v3.1.8b (3.1.8b)
)) (e:/study/math softwaves/tex/texlive/2021/texmf-dist/tex/latex/pgf/utilities/pgffor.sty (e:/study/math softwaves/tex/texlive/2021/texmf-dist/tex/latex/pgf/utilities/pgfkeys.sty (e:/study/math softwaves/tex/texlive/2021/texmf-dist/tex/generic/pgf/utilities/pgfkeys.code.tex)) (e:/study/math softwaves/tex/texlive/2021/texmf-dist/tex/latex/pgf/math/pgfmath.sty (e:/study/math softwaves/tex/texlive/2021/texmf-dist/tex/generic/pgf/math/pgfmath.code.tex)) (e:/study/math softwaves/tex/texlive/2021/texmf-dist/tex/generic/pgf/utilities/pgffor.code.tex
Package: pgffor 2020/12/27 v3.1.8b (3.1.8b)
 (e:/study/math softwaves/tex/texlive/2021/texmf-dist/tex/generic/pgf/math/pgfmath.code.tex)
\pgffor@iter=\dimen331
\pgffor@skip=\dimen332
\pgffor@stack=\toks39
\pgffor@toks=\toks40
)) (e:/study/math softwaves/tex/texlive/2021/texmf-dist/tex/generic/pgf/frontendlayer/tikz/tikz.code.tex
Package: tikz 2020/12/27 v3.1.8b (3.1.8b)
 (e:/study/math softwaves/tex/texlive/2021/texmf-dist/tex/generic/pgf/libraries/pgflibraryplothandlers.code.tex
File: pgflibraryplothandlers.code.tex 2020/12/27 v3.1.8b (3.1.8b)
\pgf@plot@mark@count=\count505
\pgfplotmarksize=\dimen333
)
\tikz@lastx=\dimen334
\tikz@lasty=\dimen335
\tikz@lastxsaved=\dimen336
\tikz@lastysaved=\dimen337
\tikz@lastmovetox=\dimen338
\tikz@lastmovetoy=\dimen339
\tikzleveldistance=\dimen340
\tikzsiblingdistance=\dimen341
\tikz@figbox=\box111
\tikz@figbox@bg=\box112
\tikz@tempbox=\box113
\tikz@tempbox@bg=\box114
\tikztreelevel=\count506
\tikznumberofchildren=\count507
\tikznumberofcurrentchild=\count508
\tikz@fig@count=\count509
 (e:/study/math softwaves/tex/texlive/2021/texmf-dist/tex/generic/pgf/modules/pgfmodulematrix.code.tex
File: pgfmodulematrix.code.tex 2020/12/27 v3.1.8b (3.1.8b)
\pgfmatrixcurrentrow=\count510
\pgfmatrixcurrentcolumn=\count511
\pgf@matrix@numberofcolumns=\count512
)
\tikz@expandcount=\count513
 (e:/study/math softwaves/tex/texlive/2021/texmf-dist/tex/generic/pgf/frontendlayer/tikz/libraries/tikzlibrarytopaths.code.tex
File: tikzlibrarytopaths.code.tex 2020/12/27 v3.1.8b (3.1.8b)
))) (e:/study/math softwaves/tex/texlive/2021/texmf-dist/tex/generic/pgf/frontendlayer/tikz/libraries/tikzlibrarybackgrounds.code.tex
File: tikzlibrarybackgrounds.code.tex 2020/12/27 v3.1.8b (3.1.8b)
\pgf@layerbox@background=\box115
\pgf@layerboxsaved@background=\box116
) (e:/study/math softwaves/tex/texlive/2021/texmf-dist/tex/generic/pgf/frontendlayer/tikz/libraries/tikzlibrarycalc.code.tex
File: tikzlibrarycalc.code.tex 2020/12/27 v3.1.8b (3.1.8b)
) (e:/study/math softwaves/tex/texlive/2021/texmf-dist/tex/generic/pgf/frontendlayer/tikz/libraries/tikzlibraryshadows.code.tex
File: tikzlibraryshadows.code.tex 2020/12/27 v3.1.8b (3.1.8b)
 (e:/study/math softwaves/tex/texlive/2021/texmf-dist/tex/generic/pgf/frontendlayer/tikz/libraries/tikzlibraryfadings.code.tex
File: tikzlibraryfadings.code.tex 2020/12/27 v3.1.8b (3.1.8b)
 (e:/study/math softwaves/tex/texlive/2021/texmf-dist/tex/generic/pgf/libraries/pgflibraryfadings.code.tex
File: pgflibraryfadings.code.tex 2020/12/27 v3.1.8b (3.1.8b)
))) (e:/study/math softwaves/tex/texlive/2021/texmf-dist/tex/generic/pgf/frontendlayer/tikz/libraries/tikzlibrarypositioning.code.tex
File: tikzlibrarypositioning.code.tex 2020/12/27 v3.1.8b (3.1.8b)
)
(e:/study/math softwaves/tex/texlive/2021/texmf-dist/tex/generic/pgf/frontendlayer/tikz/libraries/tikzlibraryfit.code.tex
File: tikzlibraryfit.code.tex 2020/12/27 v3.1.8b (3.1.8b)
) (e:/study/math softwaves/tex/texlive/2021/texmf-dist/tex/latex/apptools/apptools.sty
Package: apptools 2012/11/28 v1.0 Tools for customizing appendices
) (e:/study/math softwaves/tex/texlive/2021/texmf-dist/tex/latex/psnfss/pifont.sty
Package: pifont 2020/03/25 PSNFSS-v9.3 Pi font support (SPQR) 
LaTeX Font Info:    Trying to load font information for U+pzd on input line 63.
 (e:/study/math softwaves/tex/texlive/2021/texmf-dist/tex/latex/psnfss/upzd.fd
File: upzd.fd 2001/06/04 font definitions for U/pzd.
)
LaTeX Font Info:    Trying to load font information for U+psy on input line 64.
 (e:/study/math softwaves/tex/texlive/2021/texmf-dist/tex/latex/psnfss/upsy.fd
File: upsy.fd 2001/06/04 font definitions for U/psy.
)) (e:/study/math softwaves/tex/texlive/2021/texmf-dist/tex/latex/manfnt/manfnt.sty
Package: manfnt 1999/07/010.2LaTeX2e manfnt package
\dbend@height=\skip93
) (e:/study/math softwaves/tex/texlive/2021/texmf-dist/tex/latex/bbding/bbding.sty
Package: bbding 1999/04/15 v1.01 Dingbats symbols
) (e:/study/math softwaves/tex/texlive/2021/texmf-dist/tex/latex/tcolorbox/tcolorbox.sty
Package: tcolorbox 2020/10/09 version 4.42 text color boxes
 (e:/study/math softwaves/tex/texlive/2021/texmf-dist/tex/latex/tools/verbatim.sty
Package: verbatim 2020-07-07 v1.5u LaTeX2e package for verbatim enhancements
\every@verbatim=\toks41
\verbatim@line=\toks42
\verbatim@in@stream=\read5
) (e:/study/math softwaves/tex/texlive/2021/texmf-dist/tex/latex/environ/environ.sty
Package: environ 2014/05/04 v0.3 A new way to define environments
 (e:/study/math softwaves/tex/texlive/2021/texmf-dist/tex/latex/trimspaces/trimspaces.sty
Package: trimspaces 2009/09/17 v1.1 Trim spaces around a token list
))
\tcb@titlebox=\box117
\tcb@upperbox=\box118
\tcb@lowerbox=\box119
\tcb@phantombox=\box120
\c@tcbbreakpart=\count514
\c@tcblayer=\count515
\c@tcolorbox@number=\count516
\tcb@temp=\box121
\tcb@temp=\box122
\tcb@temp=\box123
\tcb@temp=\box124
\tcb@out=\write7
\tcb@record@out=\write8
 (e:/study/math softwaves/tex/texlive/2021/texmf-dist/tex/latex/tcolorbox/tcbraster.code.tex
Library (tcolorbox): 'tcbraster.code.tex' version '4.42'
\c@tcbrastercolumn=\count517
\c@tcbrasterrow=\count518
\c@tcbraster=\count519
) (e:/study/math softwaves/tex/texlive/2021/texmf-dist/tex/latex/tcolorbox/tcbskins.code.tex
Library (tcolorbox): 'tcbskins.code.tex' version '4.42'
\tcb@waterbox=\box125
(e:/study/math softwaves/tex/texlive/2021/texmf-dist/tex/latex/tcolorbox/tcbskinsjigsaw.code.tex
Library (tcolorbox): 'tcbskinsjigsaw.code.tex' version '4.42'
)) (e:/study/math softwaves/tex/texlive/2021/texmf-dist/tex/latex/tcolorbox/tcbbreakable.code.tex
Library (tcolorbox): 'tcbbreakable.code.tex' version '4.42'
(e:/study/math softwaves/tex/texlive/2021/texmf-dist/tex/generic/oberdiek/pdfcol.sty
Package: pdfcol 2019/12/29 v1.6 Handle new color stacks for pdfTeX (HO)
Package pdfcol Info: Interface disabled because of missing PDF mode of pdfTeX.
)
Package pdfcol Info: pdfTeX's color stacks are not available.
\tcb@testbox=\box126
\tcb@totalupperbox=\box127
\tcb@totallowerbox=\box128
) (e:/study/math softwaves/tex/texlive/2021/texmf-dist/tex/latex/tcolorbox/tcbhooks.code.tex
Library (tcolorbox): 'tcbhooks.code.tex' version '4.42'
) (e:/study/math softwaves/tex/texlive/2021/texmf-dist/tex/latex/tcolorbox/tcbtheorems.code.tex
Library (tcolorbox): 'tcbtheorems.code.tex' version '4.42'
) (e:/study/math softwaves/tex/texlive/2021/texmf-dist/tex/latex/tcolorbox/tcbfitting.code.tex
Library (tcolorbox): 'tcbfitting.code.tex' version '4.42'
\tcbfitdim=\dimen342
\tcb@lowerfitdim=\dimen343
\tcb@upperfitdim=\dimen344
\tcb@cur@hbadness=\count520
) (e:/study/math softwaves/tex/texlive/2021/texmf-dist/tex/latex/tcolorbox/tcbxparse.code.tex
Library (tcolorbox): 'tcbxparse.code.tex' version '4.42'
))
\c@tcb@cnt@definition=\count521
\c@tcb@cnt@theorem=\count522
\c@tcb@cnt@postulate=\count523
\c@tcb@cnt@axiom=\count524
\c@tcb@cnt@corollary=\count525
\c@tcb@cnt@lemma=\count526
\c@tcb@cnt@proposition=\count527
\c@exam=\count528
\c@exer=\count529
\c@prob=\count530
 (e:/study/math softwaves/tex/texlive/2021/texmf-dist/tex/latex/adforn/adforn.sty
Package: adforn 2019/10/13 v1.1b adforn CFR
LaTeX Font Info:    Trying to load font information for U+OrnementsADF on input line 4.
 (e:/study/math softwaves/tex/texlive/2021/texmf-dist/tex/latex/adforn/uornementsadf.fd)) (e:/study/math softwaves/tex/texlive/2021/texmf-dist/tex/latex/fancyhdr/fancyhdr.sty
Package: fancyhdr 2021/01/28 v4.0.1 Extensive control of page headers and footers
\f@nch@headwidth=\skip94
\f@nch@O@elh=\skip95
\f@nch@O@erh=\skip96
\f@nch@O@olh=\skip97
\f@nch@O@orh=\skip98
\f@nch@O@elf=\skip99
\f@nch@O@erf=\skip100
\f@nch@O@olf=\skip101
\f@nch@O@orf=\skip102
) (e:/study/math softwaves/tex/texlive/2021/texmf-dist/tex/latex/listings/listings.sty
\lst@mode=\count531
\lst@gtempboxa=\box129
\lst@token=\toks43
\lst@length=\count532
\lst@currlwidth=\dimen345
\lst@column=\count533
\lst@pos=\count534
\lst@lostspace=\dimen346
\lst@width=\dimen347
\lst@newlines=\count535
\lst@lineno=\count536
\lst@maxwidth=\dimen348
 (e:/study/math softwaves/tex/texlive/2021/texmf-dist/tex/latex/listings/lstmisc.sty
File: lstmisc.sty 2020/03/24 1.8d (Carsten Heinz)
\c@lstnumber=\count537
\lst@skipnumbers=\count538
\lst@framebox=\box130
) (e:/study/math softwaves/tex/texlive/2021/texmf-dist/tex/latex/listings/listings.cfg
File: listings.cfg 2020/03/24 1.8d listings configuration
))
Package: listings 2020/03/24 1.8d (Carsten Heinz)
 (e:/study/math softwaves/tex/texlive/2021/texmf-dist/tex/xelatex/xecjk/xeCJK-listings.sty
Package: xeCJK-listings 2020/10/19 v3.8.6 xeCJK patch file for listings
\l__xeCJK_listings_max_char_int=\count539
\l__xeCJK_listings_flag_int=\count540
) (e:/study/math softwaves/tex/texlive/2021/texmf-dist/tex/latex/listings/lstlang1.sty
File: lstlang1.sty 2020/03/24 1.8d listings language file
) (e:/study/math softwaves/tex/texlive/2021/texmf-dist/tex/latex/listings/lstlang2.sty
File: lstlang2.sty 2020/03/24 1.8d listings language file
) (e:/study/math softwaves/tex/texlive/2021/texmf-dist/tex/latex/listings/lstlang3.sty
File: lstlang3.sty 2020/03/24 1.8d listings language file
) (e:/study/math softwaves/tex/texlive/2021/texmf-dist/tex/latex/listings/lstlang1.sty
File: lstlang1.sty 2020/03/24 1.8d listings language file
) (e:/study/math softwaves/tex/texlive/2021/texmf-dist/tex/latex/listings/lstlang2.sty
File: lstlang2.sty 2020/03/24 1.8d listings language file
) (e:/study/math softwaves/tex/texlive/2021/texmf-dist/tex/latex/listings/lstlang3.sty
File: lstlang3.sty 2020/03/24 1.8d listings language file
) (e:/study/math softwaves/tex/texlive/2021/texmf-dist/tex/latex/listings/lstlang1.sty
File: lstlang1.sty 2020/03/24 1.8d listings language file
) (e:/study/math softwaves/tex/texlive/2021/texmf-dist/tex/latex/listings/lstlang2.sty
File: lstlang2.sty 2020/03/24 1.8d listings language file
) (e:/study/math softwaves/tex/texlive/2021/texmf-dist/tex/latex/listings/lstlang3.sty
File: lstlang3.sty 2020/03/24 1.8d listings language file
) (e:/study/math softwaves/tex/texlive/2021/texmf-dist/tex/latex/listings/lstmisc.sty
File: lstmisc.sty 2020/03/24 1.8d (Carsten Heinz)
) (e:/study/math softwaves/tex/texlive/2021/texmf-dist/tex/latex/tools/bm.sty
Package: bm 2019/07/24 v1.2d Bold Symbol Support (DPC/FMi)
LaTeX Info: Redefining \bm on input line 209.
) (e:/study/math softwaves/tex/texlive/2021/texmf-dist/tex/latex/tools/calc.sty
Package: calc 2017/05/25 v4.3 Infix arithmetic (KKT,FJ)
\calc@Acount=\count541
\calc@Bcount=\count542
\calc@Adimen=\dimen349
\calc@Bdimen=\dimen350
\calc@Askip=\skip103
\calc@Bskip=\skip104
LaTeX Info: Redefining \setlength on input line 80.
LaTeX Info: Redefining \addtolength on input line 81.
\calc@Ccount=\count543
\calc@Cskip=\skip105
) (e:/study/math softwaves/tex/texlive/2021/texmf-dist/tex/latex/tocloft/tocloft.sty
Package: tocloft 2017/08/31 v2.3i parameterised ToC, etc., typesetting
Package tocloft Info: The document has chapter divisions on input line 51.
\cftparskip=\skip106
\cftbeforetoctitleskip=\skip107
\cftaftertoctitleskip=\skip108
\cftbeforepartskip=\skip109
\cftpartnumwidth=\skip110
\cftpartindent=\skip111
\cftbeforechapskip=\skip112
\cftchapindent=\skip113
\cftchapnumwidth=\skip114
\cftbeforesecskip=\skip115
\cftsecindent=\skip116
\cftsecnumwidth=\skip117
\cftbeforesubsecskip=\skip118
\cftsubsecindent=\skip119
\cftsubsecnumwidth=\skip120
\cftbeforesubsubsecskip=\skip121
\cftsubsubsecindent=\skip122
\cftsubsubsecnumwidth=\skip123
\cftbeforeparaskip=\skip124
\cftparaindent=\skip125
\cftparanumwidth=\skip126
\cftbeforesubparaskip=\skip127
\cftsubparaindent=\skip128
\cftsubparanumwidth=\skip129
\cftbeforeloftitleskip=\skip130
\cftafterloftitleskip=\skip131
\cftbeforefigskip=\skip132
\cftfigindent=\skip133
\cftfignumwidth=\skip134
\c@lofdepth=\count544
\c@lotdepth=\count545
\cftbeforelottitleskip=\skip135
\cftafterlottitleskip=\skip136
\cftbeforetabskip=\skip137
\cfttabindent=\skip138
\cfttabnumwidth=\skip139
)
LaTeX Font Info:    Font shape `TU/texgyretermes(0)/b/n' will be
(Font)              scaled to size 10.0pt on input line 1331.
) (e:/study/math softwaves/tex/texlive/2021/texmf-dist/tex/latex/physics/physics.sty
Package: physics 
)
Package csquotes Info: Checking for multilingual support...
Package csquotes Info: ... none found.
 (./《量子化学中的数学》2.0.aux

LaTeX Warning: Label `def:-NoValue-' multiply defined.


LaTeX Warning: Label `def:-NoValue-' multiply defined.


LaTeX Warning: Label `def:-NoValue-' multiply defined.


LaTeX Warning: Label `def:-NoValue-' multiply defined.


LaTeX Warning: Label `def:-NoValue-' multiply defined.


LaTeX Warning: Label `thm:-NoValue-' multiply defined.


LaTeX Warning: Label `def:-NoValue-' multiply defined.


LaTeX Warning: Label `def:-NoValue-' multiply defined.


LaTeX Warning: Label `def:-NoValue-' multiply defined.


LaTeX Warning: Label `thm:-NoValue-' multiply defined.


LaTeX Warning: Label `def:-NoValue-' multiply defined.


LaTeX Warning: Label `def:-NoValue-' multiply defined.


LaTeX Warning: Label `def:-NoValue-' multiply defined.


LaTeX Warning: Label `def:-NoValue-' multiply defined.


LaTeX Warning: Label `def:-NoValue-' multiply defined.


LaTeX Warning: Label `def:-NoValue-' multiply defined.


LaTeX Warning: Label `def:-NoValue-' multiply defined.


LaTeX Warning: Label `def:-NoValue-' multiply defined.


LaTeX Warning: Label `thm:-NoValue-' multiply defined.


LaTeX Warning: Label `def:-NoValue-' multiply defined.


LaTeX Warning: Label `def:-NoValue-' multiply defined.


LaTeX Warning: Label `def:-NoValue-' multiply defined.


LaTeX Warning: Label `def:-NoValue-' multiply defined.


LaTeX Warning: Label `def:-NoValue-' multiply defined.


LaTeX Warning: Label `def:-NoValue-' multiply defined.


LaTeX Warning: Label `def:-NoValue-' multiply defined.


LaTeX Warning: Label `def:-NoValue-' multiply defined.


LaTeX Warning: Label `thm:-NoValue-' multiply defined.


LaTeX Warning: Label `def:-NoValue-' multiply defined.


LaTeX Warning: Label `def:-NoValue-' multiply defined.


LaTeX Warning: Label `def:-NoValue-' multiply defined.


LaTeX Warning: Label `def:-NoValue-' multiply defined.


LaTeX Warning: Label `thm:-NoValue-' multiply defined.


LaTeX Warning: Label `thm:-NoValue-' multiply defined.


LaTeX Warning: Label `thm:-NoValue-' multiply defined.


LaTeX Warning: Label `thm:-NoValue-' multiply defined.


LaTeX Warning: Label `thm:-NoValue-' multiply defined.


LaTeX Warning: Label `thm:-NoValue-' multiply defined.


LaTeX Warning: Label `thm:-NoValue-' multiply defined.


LaTeX Warning: Label `def:-NoValue-' multiply defined.


LaTeX Warning: Label `thm:-NoValue-' multiply defined.


LaTeX Warning: Label `thm:-NoValue-' multiply defined.


LaTeX Warning: Label `def:-NoValue-' multiply defined.


LaTeX Warning: Label `def:-NoValue-' multiply defined.


LaTeX Warning: Label `def:-NoValue-' multiply defined.


LaTeX Warning: Label `thm:-NoValue-' multiply defined.


LaTeX Warning: Label `def:-NoValue-' multiply defined.


LaTeX Warning: Label `thm:-NoValue-' multiply defined.


LaTeX Warning: Label `thm:-NoValue-' multiply defined.


LaTeX Warning: Label `def:-NoValue-' multiply defined.


LaTeX Warning: Label `def:-NoValue-' multiply defined.


LaTeX Warning: Label `thm:-NoValue-' multiply defined.


LaTeX Warning: Label `def:-NoValue-' multiply defined.


LaTeX Warning: Label `def:-NoValue-' multiply defined.


LaTeX Warning: Label `def:-NoValue-' multiply defined.


LaTeX Warning: Label `def:-NoValue-' multiply defined.


LaTeX Warning: Label `def:-NoValue-' multiply defined.


LaTeX Warning: Label `thm:-NoValue-' multiply defined.


LaTeX Warning: Label `def:-NoValue-' multiply defined.


LaTeX Warning: Label `thm:-NoValue-' multiply defined.


LaTeX Warning: Label `pro:-NoValue-' multiply defined.


LaTeX Warning: Label `thm:-NoValue-' multiply defined.


LaTeX Warning: Label `def:-NoValue-' multiply defined.


LaTeX Warning: Label `def:-NoValue-' multiply defined.


LaTeX Warning: Label `def:-NoValue-' multiply defined.


LaTeX Warning: Label `thm:-NoValue-' multiply defined.


LaTeX Warning: Label `def:-NoValue-' multiply defined.


LaTeX Warning: Label `thm:-NoValue-' multiply defined.


LaTeX Warning: Label `def:-NoValue-' multiply defined.


LaTeX Warning: Label `def:-NoValue-' multiply defined.


LaTeX Warning: Label `thm:-NoValue-' multiply defined.


LaTeX Warning: Label `def:-NoValue-' multiply defined.


LaTeX Warning: Label `thm:-NoValue-' multiply defined.


LaTeX Warning: Label `thm:-NoValue-' multiply defined.


LaTeX Warning: Label `def:-NoValue-' multiply defined.


LaTeX Warning: Label `def:-NoValue-' multiply defined.


LaTeX Warning: Label `thm:-NoValue-' multiply defined.


LaTeX Warning: Label `def:-NoValue-' multiply defined.


LaTeX Warning: Label `thm:-NoValue-' multiply defined.


LaTeX Warning: Label `thm:-NoValue-' multiply defined.


LaTeX Warning: Label `def:-NoValue-' multiply defined.


LaTeX Warning: Label `def:-NoValue-' multiply defined.


LaTeX Warning: Label `thm:-NoValue-' multiply defined.


LaTeX Warning: Label `def:-NoValue-' multiply defined.


LaTeX Warning: Label `thm:-NoValue-' multiply defined.


LaTeX Warning: Label `thm:-NoValue-' multiply defined.


LaTeX Warning: Label `def:-NoValue-' multiply defined.

)
\openout1 = `《量子化学中的数学》2.0.aux'.

LaTeX Font Info:    Checking defaults for OML/cmm/m/it on input line 22.
LaTeX Font Info:    ... okay on input line 22.
LaTeX Font Info:    Checking defaults for OMS/cmsy/m/n on input line 22.
LaTeX Font Info:    ... okay on input line 22.
LaTeX Font Info:    Checking defaults for OT1/cmr/m/n on input line 22.
LaTeX Font Info:    ... okay on input line 22.
LaTeX Font Info:    Checking defaults for T1/cmr/m/n on input line 22.
LaTeX Font Info:    ... okay on input line 22.
LaTeX Font Info:    Checking defaults for TS1/cmr/m/n on input line 22.
LaTeX Font Info:    ... okay on input line 22.
LaTeX Font Info:    Checking defaults for TU/lmr/m/n on input line 22.
LaTeX Font Info:    ... okay on input line 22.
LaTeX Font Info:    Checking defaults for OMX/cmex/m/n on input line 22.
LaTeX Font Info:    ... okay on input line 22.
LaTeX Font Info:    Checking defaults for U/cmr/m/n on input line 22.
LaTeX Font Info:    ... okay on input line 22.
LaTeX Font Info:    Checking defaults for PD1/pdf/m/n on input line 22.
LaTeX Font Info:    ... okay on input line 22.
LaTeX Font Info:    Checking defaults for PU/pdf/m/n on input line 22.
LaTeX Font Info:    ... okay on input line 22.
Package hyperref Info: Link coloring ON on input line 22.
 (e:/study/math softwaves/tex/texlive/2021/texmf-dist/tex/latex/hyperref/nameref.sty
Package: nameref 2021-04-02 v2.47 Cross-referencing by name of section
 (e:/study/math softwaves/tex/texlive/2021/texmf-dist/tex/latex/refcount/refcount.sty
Package: refcount 2019/12/15 v3.6 Data extraction from label references (HO)
) (e:/study/math softwaves/tex/texlive/2021/texmf-dist/tex/generic/gettitlestring/gettitlestring.sty
Package: gettitlestring 2019/12/15 v1.6 Cleanup title references (HO)
)
\c@section@level=\count546
)
LaTeX Info: Redefining \ref on input line 22.
LaTeX Info: Redefining \pageref on input line 22.
LaTeX Info: Redefining \nameref on input line 22.
 (./《量子化学中的数学》2.0.out) (./《量子化学中的数学》2.0.out)
\@outlinefile=\write9
\openout9 = `《量子化学中的数学》2.0.out'.


*geometry* driver: auto-detecting
*geometry* detected driver: xetex
*geometry* verbose mode - [ preamble ] result:
* driver: xetex
* paper: a4paper
* layout: <same size as paper>
* layoutoffset:(h,v)=(0.0pt,0.0pt)
* modes: 
* h-part:(L,W,R)=(56.9055pt, 483.69687pt, 56.9055pt)
* v-part:(T,H,B)=(72.26997pt, 700.5069pt, 72.26997pt)
* \paperwidth=597.50787pt
* \paperheight=845.04684pt
* \textwidth=483.69687pt
* \textheight=700.5069pt
* \oddsidemargin=-15.36449pt
* \evensidemargin=-15.36449pt
* \topmargin=-73.12352pt
* \headheight=61.74242pt
* \headsep=11.38109pt
* \topskip=10.0pt
* \footskip=34.1433pt
* \marginparwidth=61.0pt
* \marginparsep=7.0pt
* \columnsep=10.0pt
* \skip\footins=9.0pt plus 4.0pt minus 2.0pt
* \hoffset=0.0pt
* \voffset=0.0pt
* \mag=1000
* \@twocolumnfalse
* \@twosidefalse
* \@mparswitchfalse
* \@reversemarginfalse
* (1in=72.27pt=25.4mm, 1cm=28.453pt)

ABD: EverySelectfont initializing macros
LaTeX Info: Redefining \selectfont on input line 22.
Package caption Info: Begin \AtBeginDocument code.
Package caption Info: listings package is loaded.
Package caption Info: End \AtBeginDocument code.
 (e:/study/math softwaves/tex/texlive/2021/texmf-dist/tex/latex/footmisc/footmisc.sty
Package: footmisc 2011/06/06 v5.5b a miscellany of footnote facilities
\FN@temptoken=\toks44
\footnotemargin=\dimen351
\c@pp@next@reset=\count547
Package footmisc Info: Declaring symbol style bringhurst on input line 855.
Package footmisc Info: Declaring symbol style chicago on input line 863.
Package footmisc Info: Declaring symbol style wiley on input line 872.
Package footmisc Info: Declaring symbol style lamport-robust on input line 883.
Package footmisc Info: Declaring symbol style lamport* on input line 903.
Package footmisc Info: Declaring symbol style lamport*-robust on input line 924.
)
Package biblatex Info: Trying to load language 'english'...
Package biblatex Info: ... file 'english.lbx' found.
 (e:/study/math softwaves/tex/texlive/2021/texmf-dist/tex/latex/biblatex/lbx/english.lbx
File: english.lbx 2020/12/31 v3.16 biblatex localization (PK/MW)
)
Package biblatex Info: XeTeX detected.
(biblatex)             Assuming input encoding 'utf8'.
Package biblatex Info: Automatic encoding selection.
(biblatex)             Assuming data encoding 'utf8'.
Package biblatex Info: Document encoding is UTF8 ....
Package biblatex Info: ... and expl3
(biblatex)             2021-02-18 L3 programming layer (loader) 
(biblatex)             is new enough (at least 2020/04/06),
(biblatex)             setting 'casechanger=expl3'.
 (e:/study/math softwaves/tex/texlive/2021/texmf-dist/tex/latex/biblatex/blx-case-expl3.sty
Package: blx-case-expl3 2020/12/31 v3.16 expl3 case changing code for biblatex
)
\openout5 = `《量子化学中的数学》2.0.bcf'.

Package biblatex Info: Trying to load bibliographic data...
Package biblatex Info: ... file '《量子化学中的数学》2.0.bbl' not found.

No file 《量子化学中的数学》2.0.bbl.
Package biblatex Info: Reference section=0 on input line 22.
Package biblatex Info: Reference segment=0 on input line 22.
\c@lstlisting=\count548
Package hyperref Info: Option `pageanchor' set `false' on input line 24.
*geometry* verbose mode - [ newgeometry ] result:
* driver: xetex
* paper: a4paper
* layout: <same size as paper>
* layoutoffset:(h,v)=(0.0pt,0.0pt)
* modes: 
* h-part:(L,W,R)=(0.0pt, 597.50787pt, 0.0pt)
* v-part:(T,H,B)=(0.0pt, 845.04684pt, 0.0pt)
* \paperwidth=597.50787pt
* \paperheight=845.04684pt
* \textwidth=597.50787pt
* \textheight=845.04684pt
* \oddsidemargin=-72.26999pt
* \evensidemargin=-72.26999pt
* \topmargin=-145.3935pt
* \headheight=61.74242pt
* \headsep=11.38109pt
* \topskip=10.0pt
* \footskip=34.1433pt
* \marginparwidth=61.0pt
* \marginparsep=7.0pt
* \columnsep=10.0pt
* \skip\footins=9.0pt plus 4.0pt minus 2.0pt
* \hoffset=0.0pt
* \voffset=0.0pt
* \mag=1000
* \@twocolumnfalse
* \@twosidefalse
* \@mparswitchfalse
* \@reversemarginfalse
* (1in=72.27pt=25.4mm, 1cm=28.453pt)

File: ./figure//cover.jpg Graphic file (type bmp)
<./figure//cover.jpg>
LaTeX Font Info:    Font shape `TU/texgyretermes(0)/b/n' will be
(Font)              scaled to size 24.88pt on input line 24.
LaTeX Font Info:    Trying to load font information for U+rsfs on input line 24.
(e:/study/math softwaves/tex/texlive/2021/texmf-dist/tex/latex/jknapltx/ursfs.fd
File: ursfs.fd 1998/03/24 rsfs font definition file (jk)
)
LaTeX Font Info:    Trying to load font information for U+msa on input line 24.
 (e:/study/math softwaves/tex/texlive/2021/texmf-dist/tex/latex/amsfonts/umsa.fd
File: umsa.fd 2013/01/14 v3.01 AMS symbols A
)
LaTeX Font Info:    Trying to load font information for U+msb on input line 24.
 (e:/study/math softwaves/tex/texlive/2021/texmf-dist/tex/latex/amsfonts/umsb.fd
File: umsb.fd 2013/01/14 v3.01 AMS symbols B
)
LaTeX Font Info:    Font shape `TU/texgyretermes(0)/b/n' will be
(Font)              scaled to size 14.4pt on input line 24.
 [1



]
LaTeX Font Info:    Font shape `TU/texgyretermes(0)/b/n' will be
(Font)              scaled to size 17.28pt on input line 30.
 [1




]
LaTeX Font Info:    Font shape `TU/texgyretermes(0)/b/it' will be
(Font)              scaled to size 17.28pt on input line 41.
LaTeX Font Info:    Font shape `TU/texgyretermes(0)/m/n' will be
(Font)              scaled to size 14.4pt on input line 44.
LaTeX Font Info:    Font shape `TU/texgyretermes(0)/m/it' will be
(Font)              scaled to size 10.0pt on input line 50.
 [2

] (./body/序.tex) [3

] (./《量子化学中的数学》2.0.toc)
\tf@toc=\write10
\openout10 = `《量子化学中的数学》2.0.toc'.

 [4

]
Chapter 1.
(./body/第一章 导言.tex
LaTeX Font Info:    Font shape `TU/texgyretermes(0)/m/n' will be
(Font)              scaled to size 7.0pt on input line 4.
LaTeX Font Info:    Font shape `TU/texgyretermes(0)/m/n' will be
(Font)              scaled to size 8.0pt on input line 4.
LaTeX Font Info:    Font shape `TU/texgyretermes(0)/m/n' will be
(Font)              scaled to size 6.0pt on input line 4.
File: ./fig/1-1.png Graphic file (type bmp)
<./fig/1-1.png>
 [1

])
LaTeX Font Info:    Font shape `TU/texgyretermes(0)/m/n' will be
(Font)              scaled to size 9.0pt on input line 61.
 [2]
Chapter 2.
(./body/第二章 正交函数.tex [3

]
LaTeX Font Info:    Font shape `TU/texgyretermes(0)/m/n' will be
(Font)              scaled to size 5.0pt on input line 64.
LaTeX Font Info:    Font shape `TU/texgyretermes(0)/m/it' will be
(Font)              scaled to size 7.0pt on input line 69.
LaTeX Font Info:    Font shape `TU/texgyretermes(0)/m/it' will be
(Font)              scaled to size 6.0pt on input line 69.
 [4]
File: ./fig/2-1a.png Graphic file (type bmp)
<./fig/2-1a.png>
File: ./fig/2-1b.png Graphic file (type bmp)
<./fig/2-1b.png>
File: ./fig/2-2a.png Graphic file (type bmp)
<./fig/2-2a.png>
File: ./fig/2-2b.png Graphic file (type bmp)
<./fig/2-2b.png>
 [5] [6] [7]
File: ./fig/2-3.png Graphic file (type bmp)
<./fig/2-3.png>
 [8] [9] [10]
Overfull \hbox (5.29578pt too wide) in paragraph at lines 376--378
[]\TU/FandolSong-Regular(0)/m/n/10 我 们 能 用 偶 函 数 和 奇 函 数 的 性 质 立 刻 做 出 富 里 叶 级 数 的 两 个 简 单 推 论。|  正 弦 函 数 是 奇 函 数\TU/texgyretermes(0)/m/n/10 :$[]  \OML/cmm/m/it/10 x \OT1/cmr/m/n/10 = \OMS/cmsy/m/n/10 ^^@ [][][]$\TU/FandolSong-Regular(0)/m/n/10 。|
 []

File: ./fig/2-4.png Graphic file (type bmp)
<./fig/2-4.png>
File: ./fig/2-5a.png Graphic file (type bmp)
<./fig/2-5a.png>
File: ./fig/2-5b.png Graphic file (type bmp)
<./fig/2-5b.png>
[11] [12] [13] [14] [15] [16] [17] [18] [19]
File: ./fig/2-6.png Graphic file (type bmp)
<./fig/2-6.png>
 [20]
Missing character: There is no ≤ ("2264) in font cmr10!
Missing character: There is no ≤ ("2264) in font cmr10!
Missing character: There is no π ("3C0) in font cmmi10!
Missing character: There is no θ ("3B8) in font cmmi10!
Missing character: There is no φ ("3C6) in font cmmi10!
LaTeX Font Info:    Font shape `TU/texgyretermes(0)/b/n' will be
(Font)              scaled to size 12.0pt on input line 759.
 [21]
Missing character: There is no ≤ ("2264) in font cmr10!
Missing character: There is no ≤ ("2264) in font cmr10!
Missing character: There is no π ("3C0) in font cmmi10!
 [22] [23]
Missing character: There is no π ("3C0) in font cmmi10!
Missing character: There is no π ("3C0) in font cmmi10!
Missing character: There is no π ("3C0) in font cmmi10!
Missing character: There is no ≤ ("2264) in font cmr10!
Missing character: There is no ≤ ("2264) in font cmr10!
Missing character: There is no π ("3C0) in font cmmi10!
Missing character: There is no ≤ ("2264) in font cmr10!
Missing character: There is no ≤ ("2264) in font cmr10!
Missing character: There is no π ("3C0) in font cmmi10!
Missing character: There is no π ("3C0) in font cmmi10!
) [24]
Chapter 3.
(./body/第三章 线性代数.tex [25

] [26]
Overfull \hbox (56.572pt too wide) in paragraph at lines 92--96
[]\TU/FandolSong-Regular(0)/m/n/10 通 常 的 三 维 欧 氏 向 量 空 间 \TU/texgyretermes(0)/m/n/10 (\TU/FandolSong-Regular(0)/m/n/10 以 后 称 之 为 \TU/texgyretermes(0)/m/n/10 3D \TU/FandolSong-Regular(0)/m/n/10 空 间\TU/texgyretermes(0)/m/n/10 ) \TU/FandolSong-Regular(0)/m/n/10 能 够 很 容 易 地 将 此 定 义 用 图 表 示 出 来。|  例 如\TU/texgyretermes(0)/m/n/10 , \TU/FandolSong-Regular(0)/m/n/10 向 量 $\OT1/cmr/m/n/10 (1\OML/cmm/m/it/10 ; \OT1/cmr/m/n/10 0\OML/cmm/m/it/10 ; \OT1/cmr/m/n/10 0)\OML/cmm/m/it/10 ; \OT1/cmr/m/n/10 (0\OML/cmm/m/it/10 ; \OT1/cmr/m/n/10 1\OML/cmm/m/it/10 ; \OT1/cmr/m/n/10 0)\OML/cmm/m/it/10 ; \OT1/cmr/m/n/10 (0\OML/cmm/m/it/10 ; \OT1/cmr/m/n/10 0\OML/cmm/m/it/10 ; \OT1/cmr/m/n/10 1)$
 []

Missing character: There is no ， ("FF0C) in font cmr10!
Missing character: There is no ， ("FF0C) in font cmr10!
Missing character: There is no ， ("FF0C) in font cmr10!
[27]

LaTeX Font Warning: Font shape `TU/FandolKai-Regular(0)/b/n' undefined
(Font)              using `TU/FandolKai-Regular(0)/m/n' instead on input line 180.

[28] [29]
File: ./fig/3-0.png Graphic file (type bmp)
<./fig/3-0.png>
 [30] [31] [32] [33] [34] [35] [36] [37] [38] [39] [40] [41]
Missing character: There is no ≤ ("2264) in font cmr10!
Missing character: There is no ≤ ("2264) in font cmr10!
Missing character: There is no ≤ ("2264) in font cmr10!
Missing character: There is no ≤ ("2264) in font cmr10!
 [42] [43] [44]
File: ./fig/3-1.png Graphic file (type bmp)
<./fig/3-1.png>
File: ./fig/3-2a.png Graphic file (type bmp)
<./fig/3-2a.png>
File: ./fig/3-2b.png Graphic file (type bmp)
<./fig/3-2b.png>
File: ./fig/3-2c.png Graphic file (type bmp)
<./fig/3-2c.png>
 [45] [46] [47] [48] [49]
File: ./fig/3-3.png Graphic file (type bmp)
<./fig/3-3.png>
 [50]
LaTeX Font Info:    Trying to load font information for U+euf on input line 1812.
 (e:/study/math softwaves/tex/texlive/2021/texmf-dist/tex/latex/amsfonts/ueuf.fd
File: ueuf.fd 2013/01/14 v3.01 Euler Fraktur
) [51] [52] [53] [54] [55] [56]) [57]
Chapter 4.
(./body/第四章 经典力学.tex [58

] [59] [60] [61] [62]
File: ./fig/4-1.png Graphic file (type bmp)
<./fig/4-1.png>
 [63] [64] [65] [66] [67]
File: ./fig/4-2.png Graphic file (type bmp)
<./fig/4-2.png>
 [68] [69]
Overfull \hbox (23.03079pt too wide) in paragraph at lines 561--563
\TU/FandolSong-Regular(0)/m/n/10 特 征 值 $\OML/cmm/m/it/10 ![] \OT1/cmr/m/n/10 = 0$ \TU/FandolSong-Regular(0)/m/n/10 的 特 征 向 量 也 可 以 计 算，|  未 归 一 化 的 特 征 向 量 为 $\OT1/cmr/m/n/10 (\OML/cmm/m/it/10 a; a; a\OT1/cmr/m/n/10 )$\TU/texgyretermes(0)/m/n/10 ; \TU/FandolSong-Regular(0)/m/n/10 归 一 化 的 特 征 向 量 的 每 个 分 量 为 $\OT1/cmr/m/n/10 1\OML/cmm/m/it/10 =[]$\TU/FandolSong-Regular(0)/m/n/10 。| 
 []

File: ./fig/4-3.png Graphic file (type bmp)
<./fig/4-3.png>
[70] [71]

LaTeX Warning: Command \r invalid in math mode on input line 659.

Missing character: There is no Å ("C5) in font cmmi10!
[72]
File: ./fig/4-4.png Graphic file (type bmp)
<./fig/4-4.png>
) [73]
Chapter 5.
(./body/第五章 总结.tex [74

] [75]) [76] (./《量子化学中的数学》2.0.aux)

LaTeX Font Warning: Some font shapes were not available, defaults substituted.


LaTeX Warning: There were multiply-defined labels.

Package rerunfilecheck Info: File `《量子化学中的数学》2.0.out' has not changed.
(rerunfilecheck)             Checksum: B91C3AB5B3345DA79991B793D773B81C;3483.
Package logreq Info: Writing requests to '《量子化学中的数学》2.0.run.xml'.
\openout1 = `《量子化学中的数学》2.0.run.xml'.

 ) 
Here is how much of TeX's memory you used:
 44257 strings out of 476919
 939293 string characters out of 5814224
 1881948 words of memory out of 5000000
 63401 multiletter control sequences out of 15000+600000
 413567 words of font info for 113 fonts, out of 8000000 for 9000
 1348 hyphenation exceptions out of 8191
 102i,13n,120p,742b,1311s stack positions out of 5000i,500n,10000p,200000b,80000s

Output written on 《量子化学中的数学》2.0.pdf (81 pages).
